15:26:58 **** Build of configuration Default for project helloXC ****
xmake CONFIG=Default all 
Checking build modules
No build modules used.
Analyzing helloXC.xc
Propagating analysis
Creating dependencies for helloXC.xc
Compiling helloXC.xc
Creating helloXC.xe
crt1.S: Error: Undefined reference to 'main'
xmake[1]: *** [bin//helloXC.xe] Error 1
xmake: *** [bin//helloXC.xe] Error 2
15:28:31 **** Incremental Build of configuration Default for project helloXC ****
xmake CONFIG=Default all 
Checking build modules
No build modules used.
Analyzing helloXC.xc
Propagating analysis
Creating dependencies for helloXC.xc
Compiling helloXC.xc
Creating helloXC.xe
Build Complete
15:28:37 **** Incremental Build of configuration Default for project helloXC ****
xmake CONFIG=Default all 
Checking build modules
No build modules used.
xmake[1]: `bin//helloXC.xe' is up to date.
Build Complete
15:28:50 **** Incremental Build of configuration Default for project helloXC ****
xmake CONFIG=Default all 
Checking build modules
No build modules used.
xmake[1]: `bin//helloXC.xe' is up to date.
Build Complete
15:33:06 **** Incremental Build of configuration Default for project helloXC ****
xmake CONFIG=Default all 
Checking build modules
No build modules used.
Analyzing helloXC.xc
../src/helloXC.xc:14:12: error: use of undeclared identifer `tile'
        on tile[0] : hello(0);
           ^
../src/helloXC.xc:14:12: error: 'on' expression not of type tileref
        on tile[0] : hello(0);
           ^~~~~~~
../src/helloXC.xc:14:12: note: Have you `#included <platform.h>' or declared the tileref variable defined in your .xn file?
        on tile[0] : hello(0);
           ^~~~~~~
../src/helloXC.xc:15:12: error: 'on' expression not of type tileref
        on tile[1] : hello(1);
           ^~~~~~~
../src/helloXC.xc:15:12: note: Have you `#included <platform.h>' or declared the tileref variable defined in your .xn file?
        on tile[1] : hello(1);
           ^~~~~~~
xmake[1]: *** [.build/src/helloXC.xc.pca.xml.decouple] Error 1
xmake: *** [analyze] Error 2
15:33:08 **** Incremental Build of configuration Default for project helloXC ****
xmake CONFIG=Default all 
Checking build modules
No build modules used.
Analyzing helloXC.xc
../src/helloXC.xc:14:12: error: use of undeclared identifer `tile'
        on tile[0] : hello(0);
           ^
../src/helloXC.xc:14:12: error: 'on' expression not of type tileref
        on tile[0] : hello(0);
           ^~~~~~~
../src/helloXC.xc:14:12: note: Have you `#included <platform.h>' or declared the tileref variable defined in your .xn file?
        on tile[0] : hello(0);
           ^~~~~~~
../src/helloXC.xc:15:12: error: 'on' expression not of type tileref
        on tile[1] : hello(1);
           ^~~~~~~
../src/helloXC.xc:15:12: note: Have you `#included <platform.h>' or declared the tileref variable defined in your .xn file?
        on tile[1] : hello(1);
           ^~~~~~~
xmake[1]: *** [.build/src/helloXC.xc.pca.xml.decouple] Error 1
xmake: *** [analyze] Error 2
15:33:23 **** Incremental Build of configuration Default for project helloXC ****
xmake CONFIG=Default all 
Checking build modules
No build modules used.
Analyzing helloXC.xc
Propagating analysis
Creating dependencies for helloXC.xc
Compiling helloXC.xc
Creating helloXC.xe
Build Complete
15:33:25 **** Incremental Build of configuration Default for project helloXC ****
xmake CONFIG=Default all 
Checking build modules
No build modules used.
xmake[1]: `bin//helloXC.xe' is up to date.
Build Complete
15:33:47 **** Incremental Build of configuration Default for project helloXC ****
xmake CONFIG=Default all 
Checking build modules
No build modules used.
xmake[1]: `bin//helloXC.xe' is up to date.
Build Complete
15:34:30 **** Incremental Build of configuration Default for project helloXC ****
xmake CONFIG=Default all 
Checking build modules
No build modules used.
Analyzing helloXC.xc
../src/helloXC.xc:16:16: error: index of array exceeds its upper bound
        on tile[5] : hello(1);
               ^~~
xmake[1]: *** [.build/src/helloXC.xc.pca.xml.decouple] Error 1
xmake: *** [analyze] Error 2
15:35:08 **** Incremental Build of configuration Default for project helloXC ****
xmake CONFIG=Default all 
Checking build modules
No build modules used.
Analyzing helloXC.xc
../src/helloXC.xc:17:28: error: incompatible type for argument 1 of `hello'
        on tile[2] : hello("palvi");
                           ^~~~~~~
../src/helloXC.xc:17:16: error: index of array exceeds its upper bound
        on tile[2] : hello("palvi");
               ^~~
xmake[1]: *** [.build/src/helloXC.xc.pca.xml.decouple] Error 1
xmake: *** [analyze] Error 2
15:37:14 **** Incremental Build of configuration Default for project helloXC ****
xmake CONFIG=Default all 
Checking build modules
No build modules used.
Analyzing helloXC.xc
Creating dependencies for helloXC.xc
Compiling helloXC.xc
Creating helloXC.xe
Build Complete
16:02:42 **** Build of configuration Default for project Parallel-Ants ****
xmake CONFIG=Default all 
Checking build modules
No build modules used.
Analyzing Parallel-Ants.xc
../src/Parallel-Ants.xc:11:33: warning: excess elements in array initializer
const unsigned char map[2][3] = {{"10", "0", "1", "7"}, {"2", "10", "0", "3"}, {"6", "8", "7", "6"}}
                                ^~~~~~~~~~~~~~~~~~~~~~~~~~~~~~~~~~~~~~~~~~~~~~~~~~~~~~~~~~~~~~~~~~~~
../src/Parallel-Ants.xc:11:33: warning: excess elements in array initializer
const unsigned char map[2][3] = {{"10", "0", "1", "7"}, {"2", "10", "0", "3"}, {"6", "8", "7", "6"}}
                                ^~~~~~~~~~~~~~~~~~~~~~~~~~~~~~~~~~~~~~~~~~~~~~~~~~~~~~~~~~~~~~~~~~~~
../src/Parallel-Ants.xc:11:33: warning: excess elements in array initializer
const unsigned char map[2][3] = {{"10", "0", "1", "7"}, {"2", "10", "0", "3"}, {"6", "8", "7", "6"}}
                                ^~~~~~~~~~~~~~~~~~~~~~~~~~~~~~~~~~~~~~~~~~~~~~~~~~~~~~~~~~~~~~~~~~~~
../src/Parallel-Ants.xc:13:1: error: parse error before "void"
void ant (int id, int startPos){
^
xmake[1]: *** [.build/src/Parallel-Ants.xc.pca.xml.decouple] Error 1
xmake: *** [analyze] Error 2
16:02:42 **** Incremental Build of configuration Default for project helloXC ****
xmake CONFIG=Default all 
Checking build modules
No build modules used.
Analyzing partc.c
Propagating analysis
Creating dependencies for partc.c
Compiling partc.c
Creating helloXC.xe
Build Complete
16:02:59 **** Incremental Build of configuration Default for project Parallel-Ants ****
xmake CONFIG=Default all 
Checking build modules
No build modules used.
Analyzing Parallel-Ants.xc
../src/Parallel-Ants.xc:11:35: warning: initializer-string for array of chars will not include nul terminator
const unsigned char map[3][2] = {{"10", "0", "1", "7"}, {"2", "10", "0", "3"}, {"6", "8", "7", "6"}}
                                  ^~~~
../src/Parallel-Ants.xc:11:33: warning: excess elements in array initializer
const unsigned char map[3][2] = {{"10", "0", "1", "7"}, {"2", "10", "0", "3"}, {"6", "8", "7", "6"}}
                                ^~~~~~~~~~~~~~~~~~~~~~~~~~~~~~~~~~~~~~~~~~~~~~~~~~~~~~~~~~~~~~~~~~~~
../src/Parallel-Ants.xc:11:33: warning: excess elements in array initializer
const unsigned char map[3][2] = {{"10", "0", "1", "7"}, {"2", "10", "0", "3"}, {"6", "8", "7", "6"}}
                                ^~~~~~~~~~~~~~~~~~~~~~~~~~~~~~~~~~~~~~~~~~~~~~~~~~~~~~~~~~~~~~~~~~~~
../src/Parallel-Ants.xc:11:33: warning: excess elements in array initializer
const unsigned char map[3][2] = {{"10", "0", "1", "7"}, {"2", "10", "0", "3"}, {"6", "8", "7", "6"}}
                                ^~~~~~~~~~~~~~~~~~~~~~~~~~~~~~~~~~~~~~~~~~~~~~~~~~~~~~~~~~~~~~~~~~~~
../src/Parallel-Ants.xc:13:1: error: parse error before "void"
void ant (int id, int startPos){
^
xmake[1]: *** [.build/src/Parallel-Ants.xc.pca.xml.decouple] Error 1
xmake: *** [analyze] Error 2
16:02:59 **** Incremental Build of configuration Default for project helloXC ****
xmake CONFIG=Default all 
Checking build modules
No build modules used.
xmake[1]: `bin//helloXC.xe' is up to date.
Build Complete
16:09:12 **** Incremental Build of configuration Default for project Parallel-Ants ****
xmake CONFIG=Default all 
Checking build modules
No build modules used.
Analyzing Parallel-Ants.xc
../src/Parallel-Ants.xc:11:33: warning: excess elements in array initializer
const unsigned char map[2][3] = {
                                ^
../src/Parallel-Ants.xc:11:33: warning: excess elements in array initializer
const unsigned char map[2][3] = {
                                ^
../src/Parallel-Ants.xc:11:33: warning: excess elements in array initializer
const unsigned char map[2][3] = {
                                ^
Propagating analysis
Creating dependencies for Parallel-Ants.xc
Compiling Parallel-Ants.xc
../src/Parallel-Ants.xc:11:33: warning: excess elements in array initializer
const unsigned char map[2][3] = {
                                ^
../src/Parallel-Ants.xc:11:33: warning: excess elements in array initializer
const unsigned char map[2][3] = {
                                ^
../src/Parallel-Ants.xc:11:33: warning: excess elements in array initializer
const unsigned char map[2][3] = {
                                ^
Creating Parallel-Ants.xe
crt1.S: Error: Undefined reference to 'main'
xmake[1]: *** [bin//Parallel-Ants.xe] Error 1
xmake: *** [bin//Parallel-Ants.xe] Error 2
16:09:12 **** Incremental Build of configuration Default for project helloXC ****
xmake CONFIG=Default all 
Checking build modules
No build modules used.
xmake[1]: `bin//helloXC.xe' is up to date.
Build Complete
16:09:59 **** Incremental Build of configuration Default for project Parallel-Ants ****
xmake CONFIG=Default all 
Checking build modules
No build modules used.
Analyzing Parallel-Ants.xc
Creating dependencies for Parallel-Ants.xc
Compiling Parallel-Ants.xc
Creating Parallel-Ants.xe
crt1.S: Error: Undefined reference to 'main'
xmake[1]: *** [bin//Parallel-Ants.xe] Error 1
xmake: *** [bin//Parallel-Ants.xe] Error 2
16:10:00 **** Incremental Build of configuration Default for project helloXC ****
xmake CONFIG=Default all 
Checking build modules
No build modules used.
xmake[1]: `bin//helloXC.xe' is up to date.
Build Complete
16:16:00 **** Incremental Build of configuration Default for project Parallel-Ants ****
xmake CONFIG=Default all 
Checking build modules
No build modules used.
Analyzing Parallel-Ants.xc
../src/Parallel-Ants.xc:21:6: warning: return type of 'main' is not `int' [-Wmain]
void main(){
     ^~~~~~
Propagating analysis
Creating dependencies for Parallel-Ants.xc
Compiling Parallel-Ants.xc
../src/Parallel-Ants.xc:21:6: warning: return type of 'main' is not `int' [-Wmain]
void main(){
     ^~~~~~
Creating Parallel-Ants.xe
Build Complete
16:16:00 **** Incremental Build of configuration Default for project helloXC ****
xmake CONFIG=Default all 
Checking build modules
No build modules used.
xmake[1]: `bin//helloXC.xe' is up to date.
Build Complete
16:16:20 **** Incremental Build of configuration Default for project Parallel-Ants ****
xmake CONFIG=Default all 
Checking build modules
No build modules used.
Analyzing Parallel-Ants.xc
Creating dependencies for Parallel-Ants.xc
Compiling Parallel-Ants.xc
Creating Parallel-Ants.xe
Build Complete
16:16:21 **** Incremental Build of configuration Default for project helloXC ****
xmake CONFIG=Default all 
Checking build modules
No build modules used.
xmake[1]: `bin//helloXC.xe' is up to date.
Build Complete
16:17:55 **** Incremental Build of configuration Default for project Parallel-Ants ****
xmake CONFIG=Default all 
Checking build modules
No build modules used.
Analyzing Parallel-Ants.xc
../src/Parallel-Ants.xc:24:22: error: components of multi-tile par must have `on' specifier or call a service
                     ant(2, map[0][2]);
                     ^
../src/Parallel-Ants.xc:26:22: error: components of multi-tile par must have `on' specifier or call a service
                     ant(4, map[1][0]);
                     ^
xmake[1]: *** [.build/src/Parallel-Ants.xc.pca.xml.decouple] Error 1
xmake: *** [analyze] Error 2
16:17:56 **** Incremental Build of configuration Default for project helloXC ****
xmake CONFIG=Default all 
Checking build modules
No build modules used.
xmake[1]: `bin//helloXC.xe' is up to date.
Build Complete
16:18:38 **** Incremental Build of configuration Default for project Parallel-Ants ****
xmake CONFIG=Default all 
Checking build modules
No build modules used.
Analyzing Parallel-Ants.xc
Propagating analysis
Creating dependencies for Parallel-Ants.xc
Compiling Parallel-Ants.xc
Creating Parallel-Ants.xe
Build Complete
16:18:39 **** Incremental Build of configuration Default for project helloXC ****
xmake CONFIG=Default all 
Checking build modules
No build modules used.
xmake[1]: `bin//helloXC.xe' is up to date.
Build Complete
16:20:40 **** Incremental Build of configuration Default for project Parallel-Ants ****
xmake CONFIG=Default all 
Checking build modules
No build modules used.
Analyzing Parallel-Ants.xc
Propagating analysis
Creating dependencies for Parallel-Ants.xc
Compiling Parallel-Ants.xc
Creating Parallel-Ants.xe
Build Complete
16:20:42 **** Incremental Build of configuration Default for project helloXC ****
xmake CONFIG=Default all 
Checking build modules
No build modules used.
xmake[1]: `bin//helloXC.xe' is up to date.
Build Complete
16:20:48 **** Incremental Build of configuration Default for project Parallel-Ants ****
xmake CONFIG=Default all 
Checking build modules
No build modules used.
xmake[1]: `bin//Parallel-Ants.xe' is up to date.
Build Complete
16:21:04 **** Incremental Build of configuration Default for project Parallel-Ants ****
xmake CONFIG=Default all 
Checking build modules
No build modules used.
xmake[1]: `bin//Parallel-Ants.xe' is up to date.
Build Complete
16:27:35 **** Incremental Build of configuration Default for project Parallel-Ants ****
xmake CONFIG=Default all 
Checking build modules
No build modules used.
Analyzing Parallel-Ants.xc
../src/Parallel-Ants.xc:15:5: error: use of undeclared identifer `nextPos'
    nextPos = move( )
    ^
../src/Parallel-Ants.xc:15:21: error: parse error before ')' token
    nextPos = move( )
                    ^
../src/Parallel-Ants.xc:17:1: warning: control reaches end of non-void function [-Wreturn-type]
}
^
../src/Parallel-Ants.xc:13:9: warning: unused variable `endPos' [-Wunused-variable]
    int endPos;
        ^~~~~~
../src/Parallel-Ants.xc:19:5: error: parse error before "move"
int move (int currentPos){
    ^
../src/Parallel-Ants.xc:22:1: error: parse error before '}' token
}
^
../src/Parallel-Ants.xc:31:5: error: parse error before "par"
    par {
    ^
../src/Parallel-Ants.xc:33:26: error: parse error before numeric constant
        on tile[0] : ant(2, map[0][2]);
                         ^
../src/Parallel-Ants.xc:33:22: warning: return type defaults to `int' [-Wreturn-type]
        on tile[0] : ant(2, map[0][2]);
                     ^~~~~~~~~~~~~~~~~
../src/Parallel-Ants.xc:33:22: error: conflicting types for 'ant'
        on tile[0] : ant(2, map[0][2]);
                     ^~~~~~~~~~~~~~~~~
../src/Parallel-Ants.xc:11:5: note: previous definition of 'ant' was here
int ant (int id, int startPos){
    ^~~~~~~~~~~~~~~~~~~~~~~~~~
../src/Parallel-Ants.xc:34:26: error: parse error before numeric constant
        on tile[1] : ant(3, map[1][2]);
                         ^
../src/Parallel-Ants.xc:34:22: warning: return type defaults to `int' [-Wreturn-type]
        on tile[1] : ant(3, map[1][2]);
                     ^~~~~~~~~~~~~~~~~
../src/Parallel-Ants.xc:35:26: error: parse error before numeric constant
        on tile[1] : ant(4, map[1][0]);
                         ^
../src/Parallel-Ants.xc:35:22: warning: return type defaults to `int' [-Wreturn-type]
        on tile[1] : ant(4, map[1][0]);
                     ^~~~~~~~~~~~~~~~~
../src/Parallel-Ants.xc:39:1: error: parse error before '}' token
}
^
xmake[1]: *** [.build/src/Parallel-Ants.xc.pca.xml.decouple] Error 1
xmake: *** [analyze] Error 2
16:27:36 **** Incremental Build of configuration Default for project helloXC ****
xmake CONFIG=Default all 
Checking build modules
No build modules used.
xmake[1]: `bin//helloXC.xe' is up to date.
Build Complete
16:27:38 **** Incremental Build of configuration Default for project Parallel-Ants ****
xmake CONFIG=Default all 
Checking build modules
No build modules used.
Analyzing Parallel-Ants.xc
../src/Parallel-Ants.xc:15:5: error: use of undeclared identifer `nextPos'
    nextPos = move( )
    ^
../src/Parallel-Ants.xc:15:21: error: parse error before ')' token
    nextPos = move( )
                    ^
../src/Parallel-Ants.xc:17:1: warning: control reaches end of non-void function [-Wreturn-type]
}
^
../src/Parallel-Ants.xc:13:9: warning: unused variable `endPos' [-Wunused-variable]
    int endPos;
        ^~~~~~
../src/Parallel-Ants.xc:19:5: error: parse error before "move"
int move (int currentPos){
    ^
../src/Parallel-Ants.xc:22:1: error: parse error before '}' token
}
^
../src/Parallel-Ants.xc:31:5: error: parse error before "par"
    par {
    ^
../src/Parallel-Ants.xc:33:26: error: parse error before numeric constant
        on tile[0] : ant(2, map[0][2]);
                         ^
../src/Parallel-Ants.xc:33:22: warning: return type defaults to `int' [-Wreturn-type]
        on tile[0] : ant(2, map[0][2]);
                     ^~~~~~~~~~~~~~~~~
../src/Parallel-Ants.xc:33:22: error: conflicting types for 'ant'
        on tile[0] : ant(2, map[0][2]);
                     ^~~~~~~~~~~~~~~~~
../src/Parallel-Ants.xc:11:5: note: previous definition of 'ant' was here
int ant (int id, int startPos){
    ^~~~~~~~~~~~~~~~~~~~~~~~~~
../src/Parallel-Ants.xc:34:26: error: parse error before numeric constant
        on tile[1] : ant(3, map[1][2]);
                         ^
../src/Parallel-Ants.xc:34:22: warning: return type defaults to `int' [-Wreturn-type]
        on tile[1] : ant(3, map[1][2]);
                     ^~~~~~~~~~~~~~~~~
../src/Parallel-Ants.xc:35:26: error: parse error before numeric constant
        on tile[1] : ant(4, map[1][0]);
                         ^
../src/Parallel-Ants.xc:35:22: warning: return type defaults to `int' [-Wreturn-type]
        on tile[1] : ant(4, map[1][0]);
                     ^~~~~~~~~~~~~~~~~
../src/Parallel-Ants.xc:39:1: error: parse error before '}' token
}
^
xmake[1]: *** [.build/src/Parallel-Ants.xc.pca.xml.decouple] Error 1
xmake: *** [analyze] Error 2
16:27:48 **** Incremental Build of configuration Default for project Parallel-Ants ****
xmake CONFIG=Default all 
Checking build modules
No build modules used.
Analyzing Parallel-Ants.xc
../src/Parallel-Ants.xc:15:5: error: use of undeclared identifer `nextPos'
    nextPos = move( )
    ^
../src/Parallel-Ants.xc:15:21: error: parse error before ')' token
    nextPos = move( )
                    ^
../src/Parallel-Ants.xc:17:1: warning: control reaches end of non-void function [-Wreturn-type]
}
^
../src/Parallel-Ants.xc:13:9: warning: unused variable `endPos' [-Wunused-variable]
    int endPos;
        ^~~~~~
../src/Parallel-Ants.xc:19:5: error: parse error before "move"
int move (int currentPos){
    ^
../src/Parallel-Ants.xc:22:1: error: parse error before '}' token
}
^
../src/Parallel-Ants.xc:31:5: error: parse error before "par"
    par {
    ^
../src/Parallel-Ants.xc:33:26: error: parse error before numeric constant
        on tile[0] : ant(2, map[0][2]);
                         ^
../src/Parallel-Ants.xc:33:22: warning: return type defaults to `int' [-Wreturn-type]
        on tile[0] : ant(2, map[0][2]);
                     ^~~~~~~~~~~~~~~~~
../src/Parallel-Ants.xc:33:22: error: conflicting types for 'ant'
        on tile[0] : ant(2, map[0][2]);
                     ^~~~~~~~~~~~~~~~~
../src/Parallel-Ants.xc:11:5: note: previous definition of 'ant' was here
int ant (int id, int startPos){
    ^~~~~~~~~~~~~~~~~~~~~~~~~~
../src/Parallel-Ants.xc:34:26: error: parse error before numeric constant
        on tile[1] : ant(3, map[1][2]);
                         ^
../src/Parallel-Ants.xc:34:22: warning: return type defaults to `int' [-Wreturn-type]
        on tile[1] : ant(3, map[1][2]);
                     ^~~~~~~~~~~~~~~~~
../src/Parallel-Ants.xc:35:26: error: parse error before numeric constant
        on tile[1] : ant(4, map[1][0]);
                         ^
../src/Parallel-Ants.xc:35:22: warning: return type defaults to `int' [-Wreturn-type]
        on tile[1] : ant(4, map[1][0]);
                     ^~~~~~~~~~~~~~~~~
../src/Parallel-Ants.xc:39:1: error: parse error before '}' token
}
^
xmake[1]: *** [.build/src/Parallel-Ants.xc.pca.xml.decouple] Error 1
xmake: *** [analyze] Error 2
16:47:18 **** Incremental Build of configuration Default for project Parallel-Ants ****
xmake CONFIG=Default all 
Checking build modules
No build modules used.
Analyzing Parallel-Ants.xc
../src/Parallel-Ants.xc:15:21: error: parse error before ',' token
    return foodCount, endPos;
                    ^
../src/Parallel-Ants.xc:15:23: error: use of undeclared identifer `endPos'
    return foodCount, endPos;
                      ^
../src/Parallel-Ants.xc:16:1: warning: control reaches end of non-void function [-Wreturn-type]
}
^
../src/Parallel-Ants.xc:18:5: error: parse error before "move"
int move (const unsigned char map, unsigned int x, unsigned int y){
    ^
../src/Parallel-Ants.xc:19:21: warning: type defaults to `int' in declaration of `i' [-Wimplicit-int]
    for (int i = 0; i < 2; i++){
                    ^
../src/Parallel-Ants.xc:19:21: warning: data definition has no type or storage class
    for (int i = 0; i < 2; i++){
                    ^
../src/Parallel-Ants.xc:19:23: error: parse error before '<' token
    for (int i = 0; i < 2; i++){
                      ^
../src/Parallel-Ants.xc:19:28: warning: type defaults to `int' in declaration of `i' [-Wimplicit-int]
    for (int i = 0; i < 2; i++){
                           ^
../src/Parallel-Ants.xc:19:28: warning: data definition has no type or storage class
    for (int i = 0; i < 2; i++){
                           ^
xmake[1]: *** [.build/src/Parallel-Ants.xc.pca.xml.decouple] Error 1
xmake: *** [analyze] Error 2
16:47:18 **** Incremental Build of configuration Default for project helloXC ****
xmake CONFIG=Default all 
Checking build modules
No build modules used.
xmake[1]: `bin//helloXC.xe' is up to date.
Build Complete
16:47:36 **** Incremental Build of configuration Default for project Parallel-Ants ****
xmake CONFIG=Default all 
Checking build modules
No build modules used.
Analyzing Parallel-Ants.xc
../src/Parallel-Ants.xc:18:5: error: parse error before "move"
int move (const unsigned char map, unsigned int x, unsigned int y){
    ^
../src/Parallel-Ants.xc:19:21: warning: type defaults to `int' in declaration of `i' [-Wimplicit-int]
    for (int i = 0; i < 2; i++){
                    ^
../src/Parallel-Ants.xc:19:21: warning: data definition has no type or storage class
    for (int i = 0; i < 2; i++){
                    ^
../src/Parallel-Ants.xc:19:23: error: parse error before '<' token
    for (int i = 0; i < 2; i++){
                      ^
../src/Parallel-Ants.xc:19:28: warning: type defaults to `int' in declaration of `i' [-Wimplicit-int]
    for (int i = 0; i < 2; i++){
                           ^
../src/Parallel-Ants.xc:19:28: warning: data definition has no type or storage class
    for (int i = 0; i < 2; i++){
                           ^
xmake[1]: *** [.build/src/Parallel-Ants.xc.pca.xml.decouple] Error 1
xmake: *** [analyze] Error 2
16:47:36 **** Incremental Build of configuration Default for project helloXC ****
xmake CONFIG=Default all 
Checking build modules
No build modules used.
xmake[1]: `bin//helloXC.xe' is up to date.
Build Complete
16:48:51 **** Incremental Build of configuration Default for project Parallel-Ants ****
xmake CONFIG=Default all 
Checking build modules
No build modules used.
Analyzing Parallel-Ants.xc
../src/Parallel-Ants.xc:18:6: error: parse error before "move"
void move (const unsigned char map, unsigned int x, unsigned int y){
     ^
../src/Parallel-Ants.xc:20:21: warning: type defaults to `int' in declaration of `i' [-Wimplicit-int]
    for (int i = 0; i < 2; i++){
                    ^
../src/Parallel-Ants.xc:20:21: warning: data definition has no type or storage class
    for (int i = 0; i < 2; i++){
                    ^
../src/Parallel-Ants.xc:20:23: error: parse error before '<' token
    for (int i = 0; i < 2; i++){
                      ^
../src/Parallel-Ants.xc:20:28: warning: type defaults to `int' in declaration of `i' [-Wimplicit-int]
    for (int i = 0; i < 2; i++){
                           ^
../src/Parallel-Ants.xc:20:28: warning: data definition has no type or storage class
    for (int i = 0; i < 2; i++){
                           ^
xmake[1]: *** [.build/src/Parallel-Ants.xc.pca.xml.decouple] Error 1
xmake: *** [analyze] Error 2
16:48:51 **** Incremental Build of configuration Default for project helloXC ****
xmake CONFIG=Default all 
Checking build modules
No build modules used.
xmake[1]: `bin//helloXC.xe' is up to date.
Build Complete
16:49:34 **** Incremental Build of configuration Default for project Parallel-Ants ****
xmake CONFIG=Default all 
Checking build modules
No build modules used.
Analyzing Parallel-Ants.xc
../src/Parallel-Ants.xc:18:5: error: parse error before "move"
int move (const unsigned char map, unsigned int x, unsigned int y){
    ^
../src/Parallel-Ants.xc:21:5: error: parse error before "for"
    for (int i = 0; i < 2; i++){
    ^
../src/Parallel-Ants.xc:21:21: warning: type defaults to `int' in declaration of `i' [-Wimplicit-int]
    for (int i = 0; i < 2; i++){
                    ^
../src/Parallel-Ants.xc:21:21: warning: data definition has no type or storage class
    for (int i = 0; i < 2; i++){
                    ^
../src/Parallel-Ants.xc:21:23: error: parse error before '<' token
    for (int i = 0; i < 2; i++){
                      ^
../src/Parallel-Ants.xc:21:28: warning: type defaults to `int' in declaration of `i' [-Wimplicit-int]
    for (int i = 0; i < 2; i++){
                           ^
../src/Parallel-Ants.xc:21:28: warning: data definition has no type or storage class
    for (int i = 0; i < 2; i++){
                           ^
xmake[1]: *** [.build/src/Parallel-Ants.xc.pca.xml.decouple] Error 1
xmake: *** [analyze] Error 2
16:49:34 **** Incremental Build of configuration Default for project helloXC ****
xmake CONFIG=Default all 
Checking build modules
No build modules used.
xmake[1]: `bin//helloXC.xe' is up to date.
Build Complete
16:51:09 **** Incremental Build of configuration Default for project Parallel-Ants ****
xmake CONFIG=Default all 
Checking build modules
No build modules used.
Analyzing Parallel-Ants.xc
../src/Parallel-Ants.xc:14:25: error: parse error before ',' token
    map[x][y] = move(map, x, y);
                        ^
../src/Parallel-Ants.xc:18:5: error: parse error before "move"
int move (const unsigned char map, unsigned int x, unsigned int y){
    ^
../src/Parallel-Ants.xc:21:5: error: parse error before "for"
    for (int i = 0; i < 2; i++){
    ^
../src/Parallel-Ants.xc:21:21: warning: type defaults to `int' in declaration of `i' [-Wimplicit-int]
    for (int i = 0; i < 2; i++){
                    ^
../src/Parallel-Ants.xc:21:21: warning: data definition has no type or storage class
    for (int i = 0; i < 2; i++){
                    ^
../src/Parallel-Ants.xc:21:23: error: parse error before '<' token
    for (int i = 0; i < 2; i++){
                      ^
../src/Parallel-Ants.xc:21:28: warning: type defaults to `int' in declaration of `i' [-Wimplicit-int]
    for (int i = 0; i < 2; i++){
                           ^
../src/Parallel-Ants.xc:21:28: warning: data definition has no type or storage class
    for (int i = 0; i < 2; i++){
                           ^
xmake[1]: *** [.build/src/Parallel-Ants.xc.pca.xml.decouple] Error 1
xmake: *** [analyze] Error 2
16:51:09 **** Incremental Build of configuration Default for project helloXC ****
xmake CONFIG=Default all 
Checking build modules
No build modules used.
xmake[1]: `bin//helloXC.xe' is up to date.
Build Complete
16:55:22 **** Incremental Build of configuration Default for project Parallel-Ants ****
xmake CONFIG=Default all 
Checking build modules
No build modules used.
Analyzing Parallel-Ants.xc
../src/Parallel-Ants.xc:14:25: error: parse error before ',' token
    map[x][y] = move(map, x, y);
                        ^
../src/Parallel-Ants.xc:16:21: error: parse error before ',' token
    return foodCount, x, y;
                    ^
../src/Parallel-Ants.xc:16:5: error: `return' with too few values
    return foodCount, x, y;
    ^
../src/Parallel-Ants.xc:17:1: warning: control reaches end of non-void function [-Wreturn-type]
}
^
../src/Parallel-Ants.xc:19:5: error: parse error before "move"
int move (const unsigned char map, unsigned int x, unsigned int y){
    ^
../src/Parallel-Ants.xc:22:5: error: parse error before "for"
    for (int i = 0; i < 2; i++){
    ^
../src/Parallel-Ants.xc:22:21: warning: type defaults to `int' in declaration of `i' [-Wimplicit-int]
    for (int i = 0; i < 2; i++){
                    ^
../src/Parallel-Ants.xc:22:21: warning: data definition has no type or storage class
    for (int i = 0; i < 2; i++){
                    ^
../src/Parallel-Ants.xc:22:23: error: parse error before '<' token
    for (int i = 0; i < 2; i++){
                      ^
../src/Parallel-Ants.xc:22:28: warning: type defaults to `int' in declaration of `i' [-Wimplicit-int]
    for (int i = 0; i < 2; i++){
                           ^
../src/Parallel-Ants.xc:22:28: warning: data definition has no type or storage class
    for (int i = 0; i < 2; i++){
                           ^
xmake[1]: *** [.build/src/Parallel-Ants.xc.pca.xml.decouple] Error 1
xmake: *** [analyze] Error 2
16:55:22 **** Incremental Build of configuration Default for project helloXC ****
xmake CONFIG=Default all 
Checking build modules
No build modules used.
xmake[1]: `bin//helloXC.xe' is up to date.
Build Complete
16:57:25 **** Incremental Build of configuration Default for project Parallel-Ants ****
xmake CONFIG=Default all 
Checking build modules
No build modules used.
Analyzing Parallel-Ants.xc
../src/Parallel-Ants.xc:14:25: error: parse error before ',' token
    map[x][y] = move(map, x, y);
                        ^
../src/Parallel-Ants.xc:16:21: error: parse error before ',' token
    return foodCount, x, y;
                    ^
../src/Parallel-Ants.xc:16:5: error: `return' with too few values
    return foodCount, x, y;
    ^
../src/Parallel-Ants.xc:17:1: warning: control reaches end of non-void function [-Wreturn-type]
}
^
../src/Parallel-Ants.xc:19:5: error: parse error before "move"
int move (const unsigned char map, unsigned int x, unsigned int y){
    ^
../src/Parallel-Ants.xc:22:5: error: parse error before "for"
    for (int i = 0; i < 2; i++){
    ^
../src/Parallel-Ants.xc:22:21: warning: type defaults to `int' in declaration of `i' [-Wimplicit-int]
    for (int i = 0; i < 2; i++){
                    ^
../src/Parallel-Ants.xc:22:21: warning: data definition has no type or storage class
    for (int i = 0; i < 2; i++){
                    ^
../src/Parallel-Ants.xc:22:23: error: parse error before '<' token
    for (int i = 0; i < 2; i++){
                      ^
../src/Parallel-Ants.xc:22:28: warning: type defaults to `int' in declaration of `i' [-Wimplicit-int]
    for (int i = 0; i < 2; i++){
                           ^
../src/Parallel-Ants.xc:22:28: warning: data definition has no type or storage class
    for (int i = 0; i < 2; i++){
                           ^
xmake[1]: *** [.build/src/Parallel-Ants.xc.pca.xml.decouple] Error 1
xmake: *** [analyze] Error 2
16:57:26 **** Incremental Build of configuration Default for project helloXC ****
xmake CONFIG=Default all 
Checking build modules
No build modules used.
xmake[1]: `bin//helloXC.xe' is up to date.
Build Complete
17:01:10 **** Incremental Build of configuration Default for project Parallel-Ants ****
xmake CONFIG=Default all 
Checking build modules
No build modules used.
Analyzing Parallel-Ants.xc
../src/Parallel-Ants.xc:14:25: error: parse error before ',' token
    map[x][y] = move(map, x, y);
                        ^
../src/Parallel-Ants.xc:16:21: error: parse error before ',' token
    return foodCount, x, y;
                    ^
../src/Parallel-Ants.xc:16:5: error: `return' with too few values
    return foodCount, x, y;
    ^
../src/Parallel-Ants.xc:17:1: warning: control reaches end of non-void function [-Wreturn-type]
}
^
../src/Parallel-Ants.xc:19:5: error: parse error before "move"
int move (const unsigned char map, unsigned int x, unsigned int y){
    ^
../src/Parallel-Ants.xc:22:5: error: parse error before "for"
    for (int i = 0; i < 2; i++){
    ^
../src/Parallel-Ants.xc:22:21: warning: type defaults to `int' in declaration of `i' [-Wimplicit-int]
    for (int i = 0; i < 2; i++){
                    ^
../src/Parallel-Ants.xc:22:21: warning: data definition has no type or storage class
    for (int i = 0; i < 2; i++){
                    ^
../src/Parallel-Ants.xc:22:23: error: parse error before '<' token
    for (int i = 0; i < 2; i++){
                      ^
../src/Parallel-Ants.xc:22:28: warning: type defaults to `int' in declaration of `i' [-Wimplicit-int]
    for (int i = 0; i < 2; i++){
                           ^
../src/Parallel-Ants.xc:22:28: warning: data definition has no type or storage class
    for (int i = 0; i < 2; i++){
                           ^
xmake[1]: *** [.build/src/Parallel-Ants.xc.pca.xml.decouple] Error 1
xmake: *** [analyze] Error 2
17:01:10 **** Incremental Build of configuration Default for project helloXC ****
xmake CONFIG=Default all 
Checking build modules
No build modules used.
xmake[1]: `bin//helloXC.xe' is up to date.
Build Complete
17:01:46 **** Incremental Build of configuration Default for project Parallel-Ants ****
xmake CONFIG=Default all 
Checking build modules
No build modules used.
Analyzing Parallel-Ants.xc
../src/Parallel-Ants.xc:11:42: error: array type has incomplete element type
{int, int, int} ant (const unsigned char map[][], unsigned int id, unsigned int x, unsigned int y){
                                         ^~~~~~~
../src/Parallel-Ants.xc:15:25: error: parse error before ',' token
    map[x][y] = move(map, x, y);
                        ^
../src/Parallel-Ants.xc:17:21: error: parse error before ',' token
    return foodCount, x, y;
                    ^
../src/Parallel-Ants.xc:17:5: error: `return' with too few values
    return foodCount, x, y;
    ^
../src/Parallel-Ants.xc:18:1: warning: control reaches end of non-void function [-Wreturn-type]
}
^
../src/Parallel-Ants.xc:20:5: error: parse error before "move"
int move (const unsigned char map, unsigned int x, unsigned int y){
    ^
../src/Parallel-Ants.xc:23:5: error: parse error before "for"
    for (int i = 0; i < 2; i++){
    ^
../src/Parallel-Ants.xc:23:21: warning: type defaults to `int' in declaration of `i' [-Wimplicit-int]
    for (int i = 0; i < 2; i++){
                    ^
../src/Parallel-Ants.xc:23:21: warning: data definition has no type or storage class
    for (int i = 0; i < 2; i++){
                    ^
../src/Parallel-Ants.xc:23:23: error: parse error before '<' token
    for (int i = 0; i < 2; i++){
                      ^
../src/Parallel-Ants.xc:23:28: warning: type defaults to `int' in declaration of `i' [-Wimplicit-int]
    for (int i = 0; i < 2; i++){
                           ^
../src/Parallel-Ants.xc:23:28: warning: data definition has no type or storage class
    for (int i = 0; i < 2; i++){
                           ^
xmake[1]: *** [.build/src/Parallel-Ants.xc.pca.xml.decouple] Error 1
xmake: *** [analyze] Error 2
17:01:46 **** Incremental Build of configuration Default for project helloXC ****
xmake CONFIG=Default all 
Checking build modules
No build modules used.
xmake[1]: `bin//helloXC.xe' is up to date.
Build Complete
17:01:53 **** Incremental Build of configuration Default for project Parallel-Ants ****
xmake CONFIG=Default all 
Checking build modules
No build modules used.
Analyzing Parallel-Ants.xc
../src/Parallel-Ants.xc:11:49: error: parameter cannot be used for array bound except for innermost dimension
{int, int, int} ant (const unsigned char map[x][y], unsigned int id, unsigned int x, unsigned int y){
                                         ~~~~~~~^~
../src/Parallel-Ants.xc:15:25: error: parse error before ',' token
    map[x][y] = move(map, x, y);
                        ^
../src/Parallel-Ants.xc:17:21: error: parse error before ',' token
    return foodCount, x, y;
                    ^
../src/Parallel-Ants.xc:17:5: error: `return' with too few values
    return foodCount, x, y;
    ^
../src/Parallel-Ants.xc:18:1: warning: control reaches end of non-void function [-Wreturn-type]
}
^
../src/Parallel-Ants.xc:20:5: error: parse error before "move"
int move (const unsigned char map, unsigned int x, unsigned int y){
    ^
../src/Parallel-Ants.xc:23:5: error: parse error before "for"
    for (int i = 0; i < 2; i++){
    ^
../src/Parallel-Ants.xc:23:21: warning: type defaults to `int' in declaration of `i' [-Wimplicit-int]
    for (int i = 0; i < 2; i++){
                    ^
../src/Parallel-Ants.xc:23:21: warning: data definition has no type or storage class
    for (int i = 0; i < 2; i++){
                    ^
../src/Parallel-Ants.xc:23:23: error: parse error before '<' token
    for (int i = 0; i < 2; i++){
                      ^
../src/Parallel-Ants.xc:23:28: warning: type defaults to `int' in declaration of `i' [-Wimplicit-int]
    for (int i = 0; i < 2; i++){
                           ^
../src/Parallel-Ants.xc:23:28: warning: data definition has no type or storage class
    for (int i = 0; i < 2; i++){
                           ^
xmake[1]: *** [.build/src/Parallel-Ants.xc.pca.xml.decouple] Error 1
xmake: *** [analyze] Error 2
17:01:53 **** Incremental Build of configuration Default for project helloXC ****
xmake CONFIG=Default all 
Checking build modules
No build modules used.
xmake[1]: `bin//helloXC.xe' is up to date.
Build Complete
17:02:09 **** Incremental Build of configuration Default for project Parallel-Ants ****
xmake CONFIG=Default all 
Checking build modules
No build modules used.
Analyzing Parallel-Ants.xc
../src/Parallel-Ants.xc:15:19: error: parse error before ',' token
    map = move(map, x, y);
                  ^
../src/Parallel-Ants.xc:17:21: error: parse error before ',' token
    return foodCount, x, y;
                    ^
../src/Parallel-Ants.xc:17:5: error: `return' with too few values
    return foodCount, x, y;
    ^
../src/Parallel-Ants.xc:18:1: warning: control reaches end of non-void function [-Wreturn-type]
}
^
../src/Parallel-Ants.xc:20:5: error: parse error before "move"
int move (const unsigned char map, unsigned int x, unsigned int y){
    ^
../src/Parallel-Ants.xc:23:5: error: parse error before "for"
    for (int i = 0; i < 2; i++){
    ^
../src/Parallel-Ants.xc:23:21: warning: type defaults to `int' in declaration of `i' [-Wimplicit-int]
    for (int i = 0; i < 2; i++){
                    ^
../src/Parallel-Ants.xc:23:21: warning: data definition has no type or storage class
    for (int i = 0; i < 2; i++){
                    ^
../src/Parallel-Ants.xc:23:23: error: parse error before '<' token
    for (int i = 0; i < 2; i++){
                      ^
../src/Parallel-Ants.xc:23:28: warning: type defaults to `int' in declaration of `i' [-Wimplicit-int]
    for (int i = 0; i < 2; i++){
                           ^
../src/Parallel-Ants.xc:23:28: warning: data definition has no type or storage class
    for (int i = 0; i < 2; i++){
                           ^
xmake[1]: *** [.build/src/Parallel-Ants.xc.pca.xml.decouple] Error 1
xmake: *** [analyze] Error 2
17:02:10 **** Incremental Build of configuration Default for project helloXC ****
xmake CONFIG=Default all 
Checking build modules
No build modules used.
xmake[1]: `bin//helloXC.xe' is up to date.
Build Complete
17:02:59 **** Incremental Build of configuration Default for project Parallel-Ants ****
xmake CONFIG=Default all 
Checking build modules
No build modules used.
Analyzing Parallel-Ants.xc
../src/Parallel-Ants.xc:15:19: error: parse error before ',' token
    map = move(map, x, y);
                  ^
../src/Parallel-Ants.xc:17:21: error: parse error before ',' token
    return foodCount, x, y;
                    ^
../src/Parallel-Ants.xc:17:5: error: `return' with too few values
    return foodCount, x, y;
    ^
../src/Parallel-Ants.xc:18:1: warning: control reaches end of non-void function [-Wreturn-type]
}
^
../src/Parallel-Ants.xc:20:5: error: parse error before "move"
int move (const unsigned char map, unsigned int x, unsigned int y){
    ^
../src/Parallel-Ants.xc:23:5: error: parse error before "for"
    for (int i = 0; i < 2; i++){
    ^
../src/Parallel-Ants.xc:23:21: warning: type defaults to `int' in declaration of `i' [-Wimplicit-int]
    for (int i = 0; i < 2; i++){
                    ^
../src/Parallel-Ants.xc:23:21: warning: data definition has no type or storage class
    for (int i = 0; i < 2; i++){
                    ^
../src/Parallel-Ants.xc:23:23: error: parse error before '<' token
    for (int i = 0; i < 2; i++){
                      ^
../src/Parallel-Ants.xc:23:28: warning: type defaults to `int' in declaration of `i' [-Wimplicit-int]
    for (int i = 0; i < 2; i++){
                           ^
../src/Parallel-Ants.xc:23:28: warning: data definition has no type or storage class
    for (int i = 0; i < 2; i++){
                           ^
xmake[1]: *** [.build/src/Parallel-Ants.xc.pca.xml.decouple] Error 1
xmake: *** [analyze] Error 2
17:02:59 **** Incremental Build of configuration Default for project helloXC ****
xmake CONFIG=Default all 
Checking build modules
No build modules used.
xmake[1]: `bin//helloXC.xe' is up to date.
Build Complete
17:03:50 **** Incremental Build of configuration Default for project Parallel-Ants ****
xmake CONFIG=Default all 
Checking build modules
No build modules used.
Analyzing Parallel-Ants.xc
../src/Parallel-Ants.xc:15:19: error: parse error before ',' token
    map = move(map, x, y);
                  ^
../src/Parallel-Ants.xc:17:21: error: parse error before ',' token
    return foodCount, x, y;
                    ^
../src/Parallel-Ants.xc:17:5: error: `return' with too few values
    return foodCount, x, y;
    ^
../src/Parallel-Ants.xc:18:1: warning: control reaches end of non-void function [-Wreturn-type]
}
^
../src/Parallel-Ants.xc:20:5: error: parse error before "move"
int move (const unsigned char map[3][4], unsigned int x, unsigned int y){
    ^
../src/Parallel-Ants.xc:23:5: error: parse error before "for"
    for (int i = 0; i < 2; i++){
    ^
../src/Parallel-Ants.xc:23:21: warning: type defaults to `int' in declaration of `i' [-Wimplicit-int]
    for (int i = 0; i < 2; i++){
                    ^
../src/Parallel-Ants.xc:23:21: warning: data definition has no type or storage class
    for (int i = 0; i < 2; i++){
                    ^
../src/Parallel-Ants.xc:23:23: error: parse error before '<' token
    for (int i = 0; i < 2; i++){
                      ^
../src/Parallel-Ants.xc:23:28: warning: type defaults to `int' in declaration of `i' [-Wimplicit-int]
    for (int i = 0; i < 2; i++){
                           ^
../src/Parallel-Ants.xc:23:28: warning: data definition has no type or storage class
    for (int i = 0; i < 2; i++){
                           ^
xmake[1]: *** [.build/src/Parallel-Ants.xc.pca.xml.decouple] Error 1
xmake: *** [analyze] Error 2
17:03:50 **** Incremental Build of configuration Default for project helloXC ****
xmake CONFIG=Default all 
Checking build modules
No build modules used.
xmake[1]: `bin//helloXC.xe' is up to date.
Build Complete
17:05:46 **** Incremental Build of configuration Default for project Parallel-Ants ****
xmake CONFIG=Default all 
Checking build modules
No build modules used.
Analyzing Parallel-Ants.xc
../src/Parallel-Ants.xc:15:19: error: parse error before ',' token
    map = move(map, x, y);
                  ^
../src/Parallel-Ants.xc:17:21: error: parse error before ',' token
    return foodCount, x, y;
                    ^
../src/Parallel-Ants.xc:17:5: error: `return' with too few values
    return foodCount, x, y;
    ^
../src/Parallel-Ants.xc:18:1: warning: control reaches end of non-void function [-Wreturn-type]
}
^
../src/Parallel-Ants.xc:24:41: error: subscripted value is not an array or pointer
        if (map[x][(y+1)%4] > map[(x+1)%3[y]])
                                        ^
xmake[1]: *** [.build/src/Parallel-Ants.xc.pca.xml.decouple] Error 1
xmake: *** [analyze] Error 2
17:05:47 **** Incremental Build of configuration Default for project helloXC ****
xmake CONFIG=Default all 
Checking build modules
No build modules used.
xmake[1]: `bin//helloXC.xe' is up to date.
Build Complete
17:06:39 **** Incremental Build of configuration Default for project Parallel-Ants ****
xmake CONFIG=Default all 
Checking build modules
No build modules used.
Analyzing Parallel-Ants.xc
../src/Parallel-Ants.xc:15:41: error: subscripted value is not an array or pointer
        if (map[x][(y+1)%4] > map[(x+1)%3[y]])
                                        ^
../src/Parallel-Ants.xc:30:5: error: invalid access to read-only element in assignment
    map = antMove(map, x, y);
    ^~~
../src/Parallel-Ants.xc:30:5: error: invalid lvalue in assignment
    map = antMove(map, x, y);
    ^~~
../src/Parallel-Ants.xc:30:9: error: incompatible types in assignment
    map = antMove(map, x, y);
    ~~~~^~~~~~~~~~~~~~~~~~~~
../src/Parallel-Ants.xc:32:21: error: parse error before ',' token
    return foodCount, x, y;
                    ^
../src/Parallel-Ants.xc:32:5: error: `return' with too few values
    return foodCount, x, y;
    ^
../src/Parallel-Ants.xc:33:1: warning: control reaches end of non-void function [-Wreturn-type]
}
^
xmake[1]: *** [.build/src/Parallel-Ants.xc.pca.xml.decouple] Error 1
xmake: *** [analyze] Error 2
17:06:39 **** Incremental Build of configuration Default for project helloXC ****
xmake CONFIG=Default all 
Checking build modules
No build modules used.
xmake[1]: `bin//helloXC.xe' is up to date.
Build Complete
17:06:49 **** Incremental Build of configuration Default for project Parallel-Ants ****
xmake CONFIG=Default all 
Checking build modules
No build modules used.
Analyzing Parallel-Ants.xc
../src/Parallel-Ants.xc:15:41: error: subscripted value is not an array or pointer
        if (map[x][(y+1)%4] > map[(x+1)%3[y]])
                                        ^
../src/Parallel-Ants.xc:30:5: error: invalid access to read-only element in assignment
    map = antMove(map, x, y);
    ^~~
../src/Parallel-Ants.xc:30:5: error: invalid lvalue in assignment
    map = antMove(map, x, y);
    ^~~
../src/Parallel-Ants.xc:30:9: error: incompatible types in assignment
    map = antMove(map, x, y);
    ~~~~^~~~~~~~~~~~~~~~~~~~
xmake[1]: *** [.build/src/Parallel-Ants.xc.pca.xml.decouple] Error 1
xmake: *** [analyze] Error 2
17:06:49 **** Incremental Build of configuration Default for project helloXC ****
xmake CONFIG=Default all 
Checking build modules
No build modules used.
xmake[1]: `bin//helloXC.xe' is up to date.
Build Complete
17:07:23 **** Incremental Build of configuration Default for project Parallel-Ants ****
xmake CONFIG=Default all 
Checking build modules
No build modules used.
Analyzing Parallel-Ants.xc
../src/Parallel-Ants.xc:30:5: error: invalid access to read-only element in assignment
    map = antMove(map, x, y);
    ^~~
../src/Parallel-Ants.xc:30:5: error: invalid lvalue in assignment
    map = antMove(map, x, y);
    ^~~
../src/Parallel-Ants.xc:30:9: error: incompatible types in assignment
    map = antMove(map, x, y);
    ~~~~^~~~~~~~~~~~~~~~~~~~
xmake[1]: *** [.build/src/Parallel-Ants.xc.pca.xml.decouple] Error 1
xmake: *** [analyze] Error 2
17:07:23 **** Incremental Build of configuration Default for project helloXC ****
xmake CONFIG=Default all 
Checking build modules
No build modules used.
xmake[1]: `bin//helloXC.xe' is up to date.
Build Complete
17:09:29 **** Incremental Build of configuration Default for project Parallel-Ants ****
xmake CONFIG=Default all 
Checking build modules
No build modules used.
Analyzing Parallel-Ants.xc
../src/Parallel-Ants.xc:30:5: error: invalid access to read-only element in assignment
    map = antMove(map, x, y);
    ^~~
../src/Parallel-Ants.xc:30:5: error: invalid lvalue in assignment
    map = antMove(map, x, y);
    ^~~
../src/Parallel-Ants.xc:30:9: error: incompatible types in assignment
    map = antMove(map, x, y);
    ~~~~^~~~~~~~~~~~~~~~~~~~
xmake[1]: *** [.build/src/Parallel-Ants.xc.pca.xml.decouple] Error 1
xmake: *** [analyze] Error 2
17:09:29 **** Incremental Build of configuration Default for project helloXC ****
xmake CONFIG=Default all 
Checking build modules
No build modules used.
xmake[1]: `bin//helloXC.xe' is up to date.
Build Complete
17:09:45 **** Incremental Build of configuration Default for project Parallel-Ants ****
xmake CONFIG=Default all 
Checking build modules
No build modules used.
Analyzing Parallel-Ants.xc
../src/Parallel-Ants.xc:30:5: error: invalid access to read-only location in assignment
    map[x][y] = antMove(map, x, y);
    ^~~~~~~~~
xmake[1]: *** [.build/src/Parallel-Ants.xc.pca.xml.decouple] Error 1
xmake: *** [analyze] Error 2
17:12:36 **** Incremental Build of configuration Default for project Parallel-Ants ****
xmake CONFIG=Default all 
Checking build modules
No build modules used.
Analyzing Parallel-Ants.xc
Propagating analysis
Creating dependencies for Parallel-Ants.xc
Compiling Parallel-Ants.xc
Creating Parallel-Ants.xe
Build Complete
17:12:37 **** Incremental Build of configuration Default for project helloXC ****
xmake CONFIG=Default all 
Checking build modules
No build modules used.
xmake[1]: `bin//helloXC.xe' is up to date.
Build Complete
17:13:01 **** Incremental Build of configuration Default for project Parallel-Ants ****
xmake CONFIG=Default all 
Checking build modules
No build modules used.
Analyzing Parallel-Ants.xc
../src/Parallel-Ants.xc:27:6: error: request for member `x' in something not a structure or union
    {map.x, map->y} = antMove(map, x, y);
     ^~~~~
../src/Parallel-Ants.xc:27:13: error: request for member `y' in something not a structure or union
    {map.x, map->y} = antMove(map, x, y);
            ^~~~~~
xcc1: problem recovering from program error, further error messages may be suppressed
xmake[1]: *** [.build/src/Parallel-Ants.xc.pca.xml.decouple] Error 1
xmake: *** [analyze] Error 2
17:13:02 **** Incremental Build of configuration Default for project helloXC ****
xmake CONFIG=Default all 
Checking build modules
No build modules used.
xmake[1]: `bin//helloXC.xe' is up to date.
Build Complete
17:13:14 **** Incremental Build of configuration Default for project Parallel-Ants ****
xmake CONFIG=Default all 
Checking build modules
No build modules used.
Analyzing Parallel-Ants.xc
../src/Parallel-Ants.xc:27:6: error: request for member `x' in something not a structure or union
    {map.x, map.y} = antMove(map, x, y);
     ^~~~~
../src/Parallel-Ants.xc:27:13: error: request for member `y' in something not a structure or union
    {map.x, map.y} = antMove(map, x, y);
            ^~~~~
xcc1: problem recovering from program error, further error messages may be suppressed
xmake[1]: *** [.build/src/Parallel-Ants.xc.pca.xml.decouple] Error 1
xmake: *** [analyze] Error 2
17:13:14 **** Incremental Build of configuration Default for project helloXC ****
xmake CONFIG=Default all 
Checking build modules
No build modules used.
xmake[1]: `bin//helloXC.xe' is up to date.
Build Complete
17:14:07 **** Incremental Build of configuration Default for project Parallel-Ants ****
xmake CONFIG=Default all 
Checking build modules
No build modules used.
Analyzing Parallel-Ants.xc
Creating dependencies for Parallel-Ants.xc
Compiling Parallel-Ants.xc
Creating Parallel-Ants.xe
Build Complete
17:14:08 **** Incremental Build of configuration Default for project helloXC ****
xmake CONFIG=Default all 
Checking build modules
No build modules used.
xmake[1]: `bin//helloXC.xe' is up to date.
Build Complete
17:15:03 **** Incremental Build of configuration Default for project Parallel-Ants ****
xmake CONFIG=Default all 
Checking build modules
No build modules used.
Analyzing Parallel-Ants.xc
Propagating analysis
Creating dependencies for Parallel-Ants.xc
Compiling Parallel-Ants.xc
Creating Parallel-Ants.xe
Build Complete
17:15:03 **** Incremental Build of configuration Default for project helloXC ****
xmake CONFIG=Default all 
Checking build modules
No build modules used.
xmake[1]: `bin//helloXC.xe' is up to date.
Build Complete
17:15:06 **** Incremental Build of configuration Default for project Parallel-Ants ****
xmake CONFIG=Default all 
Checking build modules
No build modules used.
xmake[1]: `bin//Parallel-Ants.xe' is up to date.
Build Complete
17:20:17 **** Incremental Build of configuration Default for project Parallel-Ants ****
xmake CONFIG=Default all 
Checking build modules
No build modules used.
Analyzing Parallel-Ants.xc
Creating dependencies for Parallel-Ants.xc
Compiling Parallel-Ants.xc
Creating Parallel-Ants.xe
Build Complete
17:20:18 **** Incremental Build of configuration Default for project helloXC ****
xmake CONFIG=Default all 
Checking build modules
No build modules used.
xmake[1]: `bin//helloXC.xe' is up to date.
Build Complete
17:20:20 **** Incremental Build of configuration Default for project Parallel-Ants ****
xmake CONFIG=Default all 
Checking build modules
No build modules used.
xmake[1]: `bin//Parallel-Ants.xe' is up to date.
Build Complete
17:21:47 **** Incremental Build of configuration Default for project Parallel-Ants ****
xmake CONFIG=Default all 
Checking build modules
No build modules used.
Analyzing Parallel-Ants.xc
../src/Parallel-Ants.xc:20:5: error: use of undeclared identifer `foodCount'
    foodCount += map[x][y];
    ^
xmake[1]: *** [.build/src/Parallel-Ants.xc.pca.xml.decouple] Error 1
xmake: *** [analyze] Error 2
17:21:47 **** Incremental Build of configuration Default for project helloXC ****
xmake CONFIG=Default all 
Checking build modules
No build modules used.
xmake[1]: `bin//helloXC.xe' is up to date.
Build Complete
17:21:48 **** Incremental Build of configuration Default for project Parallel-Ants ****
xmake CONFIG=Default all 
Checking build modules
No build modules used.
Analyzing Parallel-Ants.xc
../src/Parallel-Ants.xc:20:5: error: use of undeclared identifer `foodCount'
    foodCount += map[x][y];
    ^
xmake[1]: *** [.build/src/Parallel-Ants.xc.pca.xml.decouple] Error 1
xmake: *** [analyze] Error 2
17:22:35 **** Incremental Build of configuration Default for project Parallel-Ants ****
xmake CONFIG=Default all 
Checking build modules
No build modules used.
Analyzing Parallel-Ants.xc
Propagating analysis
Creating dependencies for Parallel-Ants.xc
Compiling Parallel-Ants.xc
Creating Parallel-Ants.xe
Build Complete
17:22:36 **** Incremental Build of configuration Default for project helloXC ****
xmake CONFIG=Default all 
Checking build modules
No build modules used.
xmake[1]: `bin//helloXC.xe' is up to date.
Build Complete
17:22:39 **** Incremental Build of configuration Default for project Parallel-Ants ****
xmake CONFIG=Default all 
Checking build modules
No build modules used.
xmake[1]: `bin//Parallel-Ants.xe' is up to date.
Build Complete
17:23:03 **** Incremental Build of configuration Default for project Parallel-Ants ****
xmake CONFIG=Default all 
Checking build modules
No build modules used.
Analyzing Parallel-Ants.xc
../src/Parallel-Ants.xc:23:64: error: use of undeclared identifer `id'
    printf("Ant %d moved to (%d,%d) with new food count %d\n", id, x, y, foodCount);
                                                               ^
xmake[1]: *** [.build/src/Parallel-Ants.xc.pca.xml.decouple] Error 1
xmake: *** [analyze] Error 2
17:23:06 **** Incremental Build of configuration Default for project Parallel-Ants ****
xmake CONFIG=Default all 
Checking build modules
No build modules used.
Analyzing Parallel-Ants.xc
../src/Parallel-Ants.xc:23:64: error: use of undeclared identifer `id'
    printf("Ant %d moved to (%d,%d) with new food count %d\n", id, x, y, foodCount);
                                                               ^
xmake[1]: *** [.build/src/Parallel-Ants.xc.pca.xml.decouple] Error 1
xmake: *** [analyze] Error 2
17:23:07 **** Incremental Build of configuration Default for project helloXC ****
xmake CONFIG=Default all 
Checking build modules
No build modules used.
xmake[1]: `bin//helloXC.xe' is up to date.
Build Complete
17:23:26 **** Incremental Build of configuration Default for project Parallel-Ants ****
xmake CONFIG=Default all 
Checking build modules
No build modules used.
Analyzing Parallel-Ants.xc
Propagating analysis
Creating dependencies for Parallel-Ants.xc
Compiling Parallel-Ants.xc
Creating Parallel-Ants.xe
Build Complete
17:23:27 **** Incremental Build of configuration Default for project helloXC ****
xmake CONFIG=Default all 
Checking build modules
No build modules used.
xmake[1]: `bin//helloXC.xe' is up to date.
Build Complete
17:23:28 **** Incremental Build of configuration Default for project Parallel-Ants ****
xmake CONFIG=Default all 
Checking build modules
No build modules used.
xmake[1]: `bin//Parallel-Ants.xe' is up to date.
Build Complete
17:23:49 **** Incremental Build of configuration Default for project Parallel-Ants ****
xmake CONFIG=Default all 
Checking build modules
No build modules used.
Analyzing Parallel-Ants.xc
Creating dependencies for Parallel-Ants.xc
Compiling Parallel-Ants.xc
Creating Parallel-Ants.xe
Build Complete
17:23:50 **** Incremental Build of configuration Default for project helloXC ****
xmake CONFIG=Default all 
Checking build modules
No build modules used.
xmake[1]: `bin//helloXC.xe' is up to date.
Build Complete
17:23:51 **** Incremental Build of configuration Default for project Parallel-Ants ****
xmake CONFIG=Default all 
Checking build modules
No build modules used.
xmake[1]: `bin//Parallel-Ants.xe' is up to date.
Build Complete
17:28:17 **** Incremental Build of configuration Default for project Parallel-Ants ****
xmake CONFIG=Default all 
Checking build modules
No build modules used.
Analyzing Parallel-Ants.xc
Propagating analysis
Creating dependencies for Parallel-Ants.xc
Compiling Parallel-Ants.xc
Creating Parallel-Ants.xe
Build Complete
17:28:17 **** Incremental Build of configuration Default for project helloXC ****
xmake CONFIG=Default all 
Checking build modules
No build modules used.
xmake[1]: `bin//helloXC.xe' is up to date.
Build Complete
17:28:19 **** Incremental Build of configuration Default for project Parallel-Ants ****
xmake CONFIG=Default all 
Checking build modules
No build modules used.
xmake[1]: `bin//Parallel-Ants.xe' is up to date.
Build Complete
17:29:56 **** Incremental Build of configuration Default for project Parallel-Ants ****
xmake CONFIG=Default all 
Checking build modules
No build modules used.
Analyzing Parallel-Ants.xc
Creating dependencies for Parallel-Ants.xc
Compiling Parallel-Ants.xc
Creating Parallel-Ants.xe
Build Complete
17:29:57 **** Incremental Build of configuration Default for project helloXC ****
xmake CONFIG=Default all 
Checking build modules
No build modules used.
xmake[1]: `bin//helloXC.xe' is up to date.
Build Complete
17:29:58 **** Incremental Build of configuration Default for project Parallel-Ants ****
xmake CONFIG=Default all 
Checking build modules
No build modules used.
xmake[1]: `bin//Parallel-Ants.xe' is up to date.
Build Complete
17:30:07 **** Incremental Build of configuration Default for project Parallel-Ants ****
xmake CONFIG=Default all 
Checking build modules
No build modules used.
Analyzing Parallel-Ants.xc
Creating dependencies for Parallel-Ants.xc
Compiling Parallel-Ants.xc
Creating Parallel-Ants.xe
Build Complete
17:30:07 **** Incremental Build of configuration Default for project helloXC ****
xmake CONFIG=Default all 
Checking build modules
No build modules used.
xmake[1]: `bin//helloXC.xe' is up to date.
Build Complete
17:30:10 **** Incremental Build of configuration Default for project Parallel-Ants ****
xmake CONFIG=Default all 
Checking build modules
No build modules used.
xmake[1]: `bin//Parallel-Ants.xe' is up to date.
Build Complete
17:30:18 **** Incremental Build of configuration Default for project Parallel-Ants ****
xmake CONFIG=Default all 
Checking build modules
No build modules used.
Analyzing Parallel-Ants.xc
Creating dependencies for Parallel-Ants.xc
Compiling Parallel-Ants.xc
Creating Parallel-Ants.xe
Build Complete
17:30:19 **** Incremental Build of configuration Default for project helloXC ****
xmake CONFIG=Default all 
Checking build modules
No build modules used.
xmake[1]: `bin//helloXC.xe' is up to date.
Build Complete
17:30:59 **** Incremental Build of configuration Default for project Parallel-Ants ****
xmake CONFIG=Default all 
Checking build modules
No build modules used.
Analyzing Parallel-Ants.xc
Creating dependencies for Parallel-Ants.xc
Compiling Parallel-Ants.xc
Creating Parallel-Ants.xe
Build Complete
17:31:00 **** Incremental Build of configuration Default for project helloXC ****
xmake CONFIG=Default all 
Checking build modules
No build modules used.
xmake[1]: `bin//helloXC.xe' is up to date.
Build Complete
17:31:01 **** Incremental Build of configuration Default for project Parallel-Ants ****
xmake CONFIG=Default all 
Checking build modules
No build modules used.
xmake[1]: `bin//Parallel-Ants.xe' is up to date.
Build Complete
17:32:08 **** Incremental Build of configuration Default for project Parallel-Ants ****
xmake CONFIG=Default all 
Checking build modules
No build modules used.
Analyzing Parallel-Ants.xc
Creating dependencies for Parallel-Ants.xc
Compiling Parallel-Ants.xc
Creating Parallel-Ants.xe
Build Complete
17:32:09 **** Incremental Build of configuration Default for project helloXC ****
xmake CONFIG=Default all 
Checking build modules
No build modules used.
xmake[1]: `bin//helloXC.xe' is up to date.
Build Complete
17:32:11 **** Incremental Build of configuration Default for project Parallel-Ants ****
xmake CONFIG=Default all 
Checking build modules
No build modules used.
xmake[1]: `bin//Parallel-Ants.xe' is up to date.
Build Complete
17:33:30 **** Incremental Build of configuration Default for project Parallel-Ants ****
xmake CONFIG=Default all 
Checking build modules
No build modules used.
Analyzing Parallel-Ants.xc
Creating dependencies for Parallel-Ants.xc
Compiling Parallel-Ants.xc
Creating Parallel-Ants.xe
Build Complete
17:33:30 **** Incremental Build of configuration Default for project helloXC ****
xmake CONFIG=Default all 
Checking build modules
No build modules used.
xmake[1]: `bin//helloXC.xe' is up to date.
Build Complete
17:33:33 **** Incremental Build of configuration Default for project Parallel-Ants ****
xmake CONFIG=Default all 
Checking build modules
No build modules used.
xmake[1]: `bin//Parallel-Ants.xe' is up to date.
Build Complete
17:34:34 **** Incremental Build of configuration Default for project Parallel-Ants ****
xmake CONFIG=Default all 
Checking build modules
No build modules used.
Analyzing Parallel-Ants.xc
Propagating analysis
Creating dependencies for Parallel-Ants.xc
Compiling Parallel-Ants.xc
Creating Parallel-Ants.xe
Build Complete
17:34:35 **** Incremental Build of configuration Default for project helloXC ****
xmake CONFIG=Default all 
Checking build modules
No build modules used.
xmake[1]: `bin//helloXC.xe' is up to date.
Build Complete
17:34:36 **** Incremental Build of configuration Default for project Parallel-Ants ****
xmake CONFIG=Default all 
Checking build modules
No build modules used.
xmake[1]: `bin//Parallel-Ants.xe' is up to date.
Build Complete
17:35:02 **** Incremental Build of configuration Default for project Parallel-Ants ****
xmake CONFIG=Default all 
Checking build modules
No build modules used.
Analyzing Parallel-Ants.xc
../src/Parallel-Ants.xc:40:5: error: both 'unsigned' and 'float' in declaration specifiers
    unsigned float meanX = 0;
    ^~~~~~~~~~~~~~
../src/Parallel-Ants.xc:41:5: error: both 'unsigned' and 'float' in declaration specifiers
    unsigned float meanY = 0;
    ^~~~~~~~~~~~~~
xmake[1]: *** [.build/src/Parallel-Ants.xc.pca.xml.decouple] Error 1
xmake: *** [analyze] Error 2
17:35:02 **** Incremental Build of configuration Default for project helloXC ****
xmake CONFIG=Default all 
Checking build modules
No build modules used.
xmake[1]: `bin//helloXC.xe' is up to date.
Build Complete
17:35:04 **** Incremental Build of configuration Default for project Parallel-Ants ****
xmake CONFIG=Default all 
Checking build modules
No build modules used.
Analyzing Parallel-Ants.xc
../src/Parallel-Ants.xc:40:5: error: both 'unsigned' and 'float' in declaration specifiers
    unsigned float meanX = 0;
    ^~~~~~~~~~~~~~
../src/Parallel-Ants.xc:41:5: error: both 'unsigned' and 'float' in declaration specifiers
    unsigned float meanY = 0;
    ^~~~~~~~~~~~~~
xmake[1]: *** [.build/src/Parallel-Ants.xc.pca.xml.decouple] Error 1
xmake: *** [analyze] Error 2
17:35:21 **** Incremental Build of configuration Default for project Parallel-Ants ****
xmake CONFIG=Default all 
Checking build modules
No build modules used.
Analyzing Parallel-Ants.xc
Creating dependencies for Parallel-Ants.xc
Compiling Parallel-Ants.xc
Creating Parallel-Ants.xe
Build Complete
17:35:22 **** Incremental Build of configuration Default for project helloXC ****
xmake CONFIG=Default all 
Checking build modules
No build modules used.
xmake[1]: `bin//helloXC.xe' is up to date.
Build Complete
17:35:24 **** Incremental Build of configuration Default for project Parallel-Ants ****
xmake CONFIG=Default all 
Checking build modules
No build modules used.
xmake[1]: `bin//Parallel-Ants.xe' is up to date.
Build Complete
17:36:20 **** Incremental Build of configuration Default for project Parallel-Ants ****
xmake CONFIG=Default all 
Checking build modules
No build modules used.
Analyzing Parallel-Ants.xc
Creating dependencies for Parallel-Ants.xc
Compiling Parallel-Ants.xc
Creating Parallel-Ants.xe
Build Complete
17:37:54 **** Incremental Build of configuration Default for project Parallel-Ants ****
xmake CONFIG=Default all 
Checking build modules
No build modules used.
Analyzing Parallel-Ants.xc
Creating dependencies for Parallel-Ants.xc
Compiling Parallel-Ants.xc
Creating Parallel-Ants.xe
Build Complete
17:37:55 **** Incremental Build of configuration Default for project helloXC ****
xmake CONFIG=Default all 
Checking build modules
No build modules used.
xmake[1]: `bin//helloXC.xe' is up to date.
Build Complete
17:37:56 **** Incremental Build of configuration Default for project Parallel-Ants ****
xmake CONFIG=Default all 
Checking build modules
No build modules used.
xmake[1]: `bin//Parallel-Ants.xe' is up to date.
Build Complete
17:38:16 **** Incremental Build of configuration Default for project Parallel-Ants ****
xmake CONFIG=Default all 
Checking build modules
No build modules used.
Analyzing Parallel-Ants.xc
Creating dependencies for Parallel-Ants.xc
Compiling Parallel-Ants.xc
Creating Parallel-Ants.xe
Build Complete
17:38:17 **** Incremental Build of configuration Default for project helloXC ****
xmake CONFIG=Default all 
Checking build modules
No build modules used.
xmake[1]: `bin//helloXC.xe' is up to date.
Build Complete
17:38:18 **** Incremental Build of configuration Default for project Parallel-Ants ****
xmake CONFIG=Default all 
Checking build modules
No build modules used.
xmake[1]: `bin//Parallel-Ants.xe' is up to date.
Build Complete
17:38:35 **** Incremental Build of configuration Default for project Parallel-Ants ****
xmake CONFIG=Default all 
Checking build modules
No build modules used.
Analyzing Parallel-Ants.xc
Creating dependencies for Parallel-Ants.xc
Compiling Parallel-Ants.xc
Creating Parallel-Ants.xe
Build Complete
17:38:49 **** Incremental Build of configuration Default for project Parallel-Ants ****
xmake CONFIG=Default all 
Checking build modules
No build modules used.
Analyzing Parallel-Ants.xc
Creating dependencies for Parallel-Ants.xc
Compiling Parallel-Ants.xc
Creating Parallel-Ants.xe
Build Complete
17:39:16 **** Incremental Build of configuration Default for project Parallel-Ants ****
xmake CONFIG=Default all 
Checking build modules
No build modules used.
Analyzing Parallel-Ants.xc
Creating dependencies for Parallel-Ants.xc
Compiling Parallel-Ants.xc
Creating Parallel-Ants.xe
Build Complete
17:40:27 **** Incremental Build of configuration Default for project Parallel-Ants ****
xmake CONFIG=Default all 
Checking build modules
No build modules used.
Analyzing Parallel-Ants.xc
Creating dependencies for Parallel-Ants.xc
Compiling Parallel-Ants.xc
Creating Parallel-Ants.xe
Build Complete
17:40:27 **** Incremental Build of configuration Default for project helloXC ****
xmake CONFIG=Default all 
Checking build modules
No build modules used.
xmake[1]: `bin//helloXC.xe' is up to date.
Build Complete
17:40:28 **** Incremental Build of configuration Default for project Parallel-Ants ****
xmake CONFIG=Default all 
Checking build modules
No build modules used.
xmake[1]: `bin//Parallel-Ants.xe' is up to date.
Build Complete
17:40:57 **** Incremental Build of configuration Default for project Parallel-Ants ****
xmake CONFIG=Default all 
Checking build modules
No build modules used.
xmake[1]: `bin//Parallel-Ants.xe' is up to date.
Build Complete
17:40:57 **** Incremental Build of configuration Default for project helloXC ****
xmake CONFIG=Default all 
Checking build modules
No build modules used.
xmake[1]: `bin//helloXC.xe' is up to date.
Build Complete
17:41:00 **** Incremental Build of configuration Default for project Parallel-Ants ****
xmake CONFIG=Default all 
Checking build modules
No build modules used.
xmake[1]: `bin//Parallel-Ants.xe' is up to date.
Build Complete
17:41:13 **** Incremental Build of configuration Default for project Parallel-Ants ****
xmake CONFIG=Default all 
Checking build modules
No build modules used.
xmake[1]: `bin//Parallel-Ants.xe' is up to date.
Build Complete
17:41:13 **** Incremental Build of configuration Default for project helloXC ****
xmake CONFIG=Default all 
Checking build modules
No build modules used.
xmake[1]: `bin//helloXC.xe' is up to date.
Build Complete
17:42:07 **** Incremental Build of configuration Default for project Parallel-Ants ****
xmake CONFIG=Default all 
Checking build modules
No build modules used.
Analyzing Parallel-Ants.xc
Creating dependencies for Parallel-Ants.xc
Compiling Parallel-Ants.xc
Creating Parallel-Ants.xe
Build Complete
17:42:08 **** Incremental Build of configuration Default for project helloXC ****
xmake CONFIG=Default all 
Checking build modules
No build modules used.
xmake[1]: `bin//helloXC.xe' is up to date.
Build Complete
17:42:09 **** Incremental Build of configuration Default for project Parallel-Ants ****
xmake CONFIG=Default all 
Checking build modules
No build modules used.
xmake[1]: `bin//Parallel-Ants.xe' is up to date.
Build Complete
14:30:38 **** Incremental Build of configuration Default for project Parallel-Ants ****
xmake CONFIG=Default all 
Checking build modules
No build modules used.
xmake[1]: `bin//Parallel-Ants.xe' is up to date.
Build Complete
14:31:21 **** Incremental Build of configuration Default for project Parallel-Ants ****
xmake CONFIG=Default all 
Checking build modules
No build modules used.
Analyzing Parallel-Ants.xc
Propagating analysis
Creating dependencies for Parallel-Ants.xc
xmake[1]: Warning: File `.build/src/Parallel-Ants.xc.d' has modification time 0.0062 s in the future
Compiling Parallel-Ants.xc
Creating Parallel-Ants.xe
xmake[1]: warning:  Clock skew detected.  Your build may be incomplete.
Build Complete
14:32:19 **** Incremental Build of configuration Default for project Parallel-Ants ****
xmake CONFIG=Default all 
Checking build modules
No build modules used.
xmake[1]: `bin//Parallel-Ants.xe' is up to date.
Build Complete
14:32:20 **** Incremental Build of configuration Default for project Parallel-Ants ****
xmake CONFIG=Default all 
Checking build modules
No build modules used.
xmake[1]: `bin//Parallel-Ants.xe' is up to date.
Build Complete
14:32:48 **** Incremental Build of configuration Default for project Parallel-Ants ****
xmake CONFIG=Default all 
Checking build modules
No build modules used.
xmake[1]: `bin//Parallel-Ants.xe' is up to date.
Build Complete
14:32:51 **** Incremental Build of configuration Default for project Parallel-Ants ****
xmake CONFIG=Default all 
Checking build modules
No build modules used.
xmake[1]: `bin//Parallel-Ants.xe' is up to date.
Build Complete
14:32:58 **** Incremental Build of configuration Default for project Parallel-Ants ****
xmake CONFIG=Default all 
Checking build modules
No build modules used.
xmake[1]: `bin//Parallel-Ants.xe' is up to date.
Build Complete
14:59:32 **** Incremental Build of configuration Default for project Parallel-Ants ****
xmake CONFIG=Default all 
Checking build modules
No build modules used.
Analyzing Parallel-Ants.xc
Propagating analysis
Creating dependencies for Parallel-Ants.xc
Compiling Parallel-Ants.xc
Creating Parallel-Ants.xe
Build Complete
14:59:45 **** Incremental Build of configuration Default for project Parallel-Ants ****
xmake CONFIG=Default all 
Checking build modules
No build modules used.
xmake[1]: `bin//Parallel-Ants.xe' is up to date.
Build Complete
15:00:06 **** Incremental Build of configuration Default for project Parallel-Ants ****
xmake CONFIG=Default all 
Checking build modules
No build modules used.
xmake[1]: `bin//Parallel-Ants.xe' is up to date.
Build Complete
15:01:10 **** Incremental Build of configuration Default for project Parallel-Ants ****
xmake CONFIG=Default all 
Checking build modules
No build modules used.
Analyzing Parallel-Ants.xc
Creating dependencies for Parallel-Ants.xc
Compiling Parallel-Ants.xc
Creating Parallel-Ants.xe
Build Complete
15:01:12 **** Incremental Build of configuration Default for project Parallel-Ants ****
xmake CONFIG=Default all 
Checking build modules
No build modules used.
xmake[1]: `bin//Parallel-Ants.xe' is up to date.
Build Complete
15:14:06 **** Incremental Build of configuration Default for project Parallel-Ants ****
xmake CONFIG=Default all 
Checking build modules
No build modules used.
Analyzing Parallel-Ants.xc
../src/Parallel-Ants.xc:15:18: error: parse error before numeric constant
    unsigned int true = 1;
                 ^
/opt/xtimecomposer/14.3.0-community/target/include/clang/stdbool.h:32:14: note: expanded from macro 'true'
#define true 1
             ^
../src/Parallel-Ants.xc:24:5: error: parse error before '}' token
    }
    ^
../src/Parallel-Ants.xc:36:5: error: invalid lvalue (cannot write to function return value) as input destination
    printf("Ant %d moved to (%d,%d) with new food count %d\n", id, x, y, foodCount);
    ^~~~~~~~~~~~~~~~~~~~~~~~~~~~~~~~~~~~~~~~~~~~~~~~~~~~~~~~~~~~~~~~~~~~~~~~~~~~~~~
xmake[1]: *** [.build/src/Parallel-Ants.xc.pca.xml.decouple] Error 1
xmake: *** [analyze] Error 2
15:14:32 **** Incremental Build of configuration Default for project Parallel-Ants ****
xmake CONFIG=Default all 
Checking build modules
No build modules used.
Analyzing Parallel-Ants.xc
../src/Parallel-Ants.xc:15:18: error: parse error before numeric constant
    unsigned int true = 1;
                 ^
/opt/xtimecomposer/14.3.0-community/target/include/clang/stdbool.h:32:14: note: expanded from macro 'true'
#define true 1
             ^
../src/Parallel-Ants.xc:24:5: error: parse error before '}' token
    }
    ^
../src/Parallel-Ants.xc:36:5: error: invalid lvalue (cannot write to function return value) as input destination
    printf("Ant %d moved to (%d,%d) with new food count %d\n", id, x, y, foodCount);
    ^~~~~~~~~~~~~~~~~~~~~~~~~~~~~~~~~~~~~~~~~~~~~~~~~~~~~~~~~~~~~~~~~~~~~~~~~~~~~~~
xmake[1]: *** [.build/src/Parallel-Ants.xc.pca.xml.decouple] Error 1
xmake: *** [analyze] Error 2
15:16:12 **** Incremental Build of configuration Default for project Parallel-Ants ****
xmake CONFIG=Default all 
Checking build modules
No build modules used.
Analyzing Parallel-Ants.xc
../src/Parallel-Ants.xc:36:5: error: invalid lvalue (cannot write to function return value) as input destination
    printf("Ant %d moved to (%d,%d) with new food count %d\n", id, x, y, foodCount);
    ^~~~~~~~~~~~~~~~~~~~~~~~~~~~~~~~~~~~~~~~~~~~~~~~~~~~~~~~~~~~~~~~~~~~~~~~~~~~~~~
xmake[1]: *** [.build/src/Parallel-Ants.xc.pca.xml.decouple] Error 1
xmake: *** [analyze] Error 2
15:16:35 **** Incremental Build of configuration Default for project Parallel-Ants ****
xmake CONFIG=Default all 
Checking build modules
No build modules used.
Analyzing Parallel-Ants.xc
Creating dependencies for Parallel-Ants.xc
Compiling Parallel-Ants.xc
Creating Parallel-Ants.xe
Build Complete
15:19:04 **** Incremental Build of configuration Default for project Parallel-Ants ****
xmake CONFIG=Default all 
Checking build modules
No build modules used.
Analyzing Parallel-Ants.xc
../src/Parallel-Ants.xc:34:15: error: use of undeclared identifer `stay'
    cQueen :> stay;
              ^
xmake[1]: *** [.build/src/Parallel-Ants.xc.pca.xml.decouple] Error 1
xmake: *** [analyze] Error 2
15:19:27 **** Incremental Build of configuration Default for project Parallel-Ants ****
xmake CONFIG=Default all 
Checking build modules
No build modules used.
Analyzing Parallel-Ants.xc
Creating dependencies for Parallel-Ants.xc
Compiling Parallel-Ants.xc
Creating Parallel-Ants.xe
Build Complete
15:19:35 **** Incremental Build of configuration Default for project Parallel-Ants ****
xmake CONFIG=Default all 
Checking build modules
No build modules used.
xmake[1]: `bin//Parallel-Ants.xe' is up to date.
Build Complete
15:20:26 **** Incremental Build of configuration Default for project Parallel-Ants ****
xmake CONFIG=Default all 
Checking build modules
No build modules used.
Analyzing Parallel-Ants.xc
Creating dependencies for Parallel-Ants.xc
Compiling Parallel-Ants.xc
Creating Parallel-Ants.xe
Build Complete
15:20:29 **** Incremental Build of configuration Default for project Parallel-Ants ****
xmake CONFIG=Default all 
Checking build modules
No build modules used.
xmake[1]: `bin//Parallel-Ants.xe' is up to date.
Build Complete
15:23:00 **** Incremental Build of configuration Default for project Parallel-Ants ****
xmake CONFIG=Default all 
Checking build modules
No build modules used.
Analyzing Parallel-Ants.xc
Creating dependencies for Parallel-Ants.xc
Compiling Parallel-Ants.xc
Creating Parallel-Ants.xe
Build Complete
15:23:04 **** Incremental Build of configuration Default for project Parallel-Ants ****
xmake CONFIG=Default all 
Checking build modules
No build modules used.
xmake[1]: `bin//Parallel-Ants.xe' is up to date.
Build Complete
15:24:08 **** Incremental Build of configuration Default for project Parallel-Ants ****
xmake CONFIG=Default all 
Checking build modules
No build modules used.
Analyzing Parallel-Ants.xc
Creating dependencies for Parallel-Ants.xc
Compiling Parallel-Ants.xc
Creating Parallel-Ants.xe
Build Complete
15:24:13 **** Incremental Build of configuration Default for project Parallel-Ants ****
xmake CONFIG=Default all 
Checking build modules
No build modules used.
xmake[1]: `bin//Parallel-Ants.xe' is up to date.
Build Complete
15:26:35 **** Incremental Build of configuration Default for project Parallel-Ants ****
xmake CONFIG=Default all 
Checking build modules
No build modules used.
Analyzing Parallel-Ants.xc
Creating dependencies for Parallel-Ants.xc
Compiling Parallel-Ants.xc
Creating Parallel-Ants.xe
Build Complete
15:26:40 **** Incremental Build of configuration Default for project Parallel-Ants ****
xmake CONFIG=Default all 
Checking build modules
No build modules used.
xmake[1]: `bin//Parallel-Ants.xe' is up to date.
Build Complete
15:27:53 **** Incremental Build of configuration Default for project Parallel-Ants ****
xmake CONFIG=Default all 
Checking build modules
No build modules used.
xmake[1]: `bin//Parallel-Ants.xe' is up to date.
Build Complete
15:27:55 **** Incremental Build of configuration Default for project Parallel-Ants ****
xmake CONFIG=Default all 
Checking build modules
No build modules used.
xmake[1]: `bin//Parallel-Ants.xe' is up to date.
Build Complete
15:28:05 **** Incremental Build of configuration Default for project Parallel-Ants ****
xmake CONFIG=Default all 
Checking build modules
No build modules used.
xmake[1]: `bin//Parallel-Ants.xe' is up to date.
Build Complete
15:28:49 **** Incremental Build of configuration Default for project Parallel-Ants ****
xmake CONFIG=Default all 
Checking build modules
No build modules used.
Analyzing Parallel-Ants.xc
Creating dependencies for Parallel-Ants.xc
Compiling Parallel-Ants.xc
Creating Parallel-Ants.xe
Build Complete
15:28:53 **** Incremental Build of configuration Default for project Parallel-Ants ****
xmake CONFIG=Default all 
Checking build modules
No build modules used.
xmake[1]: `bin//Parallel-Ants.xe' is up to date.
Build Complete
15:30:21 **** Incremental Build of configuration Default for project Parallel-Ants ****
xmake CONFIG=Default all 
Checking build modules
No build modules used.
Analyzing Parallel-Ants.xc
../src/Parallel-Ants.xc:18:48: error: use of undeclared identifer `data'
    printf("Worker 1 sent data %i to Queen\n", data);
                                               ^
../src/Parallel-Ants.xc:20:48: error: use of undeclared identifer `data2'
    printf("Worker 2 sent data %i to Queen\n", data2);
                                               ^
xmake[1]: *** [.build/src/Parallel-Ants.xc.pca.xml.decouple] Error 1
xmake: *** [analyze] Error 2
15:30:33 **** Incremental Build of configuration Default for project Parallel-Ants ****
xmake CONFIG=Default all 
Checking build modules
No build modules used.
Analyzing Parallel-Ants.xc
Creating dependencies for Parallel-Ants.xc
Compiling Parallel-Ants.xc
Creating Parallel-Ants.xe
Build Complete
15:33:00 **** Incremental Build of configuration Default for project Parallel-Ants ****
xmake CONFIG=Default all 
Checking build modules
No build modules used.
Analyzing Parallel-Ants.xc
Propagating analysis
Creating dependencies for Parallel-Ants.xc
Compiling Parallel-Ants.xc
Creating Parallel-Ants.xe
Build Complete
15:33:05 **** Incremental Build of configuration Default for project Parallel-Ants ****
xmake CONFIG=Default all 
Checking build modules
No build modules used.
xmake[1]: `bin//Parallel-Ants.xe' is up to date.
Build Complete
15:34:24 **** Incremental Build of configuration Default for project Parallel-Ants ****
xmake CONFIG=Default all 
Checking build modules
No build modules used.
Analyzing Parallel-Ants.xc
Creating dependencies for Parallel-Ants.xc
Compiling Parallel-Ants.xc
Creating Parallel-Ants.xe
Build Complete
15:34:28 **** Incremental Build of configuration Default for project Parallel-Ants ****
xmake CONFIG=Default all 
Checking build modules
No build modules used.
xmake[1]: `bin//Parallel-Ants.xe' is up to date.
Build Complete
15:34:33 **** Incremental Build of configuration Default for project Parallel-Ants ****
xmake CONFIG=Default all 
Checking build modules
No build modules used.
xmake[1]: `bin//Parallel-Ants.xe' is up to date.
Build Complete
15:35:38 **** Incremental Build of configuration Default for project Parallel-Ants ****
xmake CONFIG=Default all 
Checking build modules
No build modules used.
Analyzing Parallel-Ants.xc
Propagating analysis
Creating dependencies for Parallel-Ants.xc
Compiling Parallel-Ants.xc
Creating Parallel-Ants.xe
Build Complete
15:35:40 **** Incremental Build of configuration Default for project Parallel-Ants ****
xmake CONFIG=Default all 
Checking build modules
No build modules used.
xmake[1]: `bin//Parallel-Ants.xe' is up to date.
Build Complete
15:35:45 **** Incremental Build of configuration Default for project Parallel-Ants ****
xmake CONFIG=Default all 
Checking build modules
No build modules used.
xmake[1]: `bin//Parallel-Ants.xe' is up to date.
Build Complete
15:35:50 **** Incremental Build of configuration Default for project Parallel-Ants ****
xmake CONFIG=Default all 
Checking build modules
No build modules used.
xmake[1]: `bin//Parallel-Ants.xe' is up to date.
Build Complete
15:39:44 **** Incremental Build of configuration Default for project Parallel-Ants ****
xmake CONFIG=Default all 
Checking build modules
No build modules used.
Analyzing Parallel-Ants.xc
Creating dependencies for Parallel-Ants.xc
Compiling Parallel-Ants.xc
Creating Parallel-Ants.xe
Build Complete
15:39:47 **** Incremental Build of configuration Default for project Parallel-Ants ****
xmake CONFIG=Default all 
Checking build modules
No build modules used.
xmake[1]: `bin//Parallel-Ants.xe' is up to date.
Build Complete
15:39:49 **** Incremental Build of configuration Default for project Parallel-Ants ****
xmake CONFIG=Default all 
Checking build modules
No build modules used.
xmake[1]: `bin//Parallel-Ants.xe' is up to date.
Build Complete
15:42:23 **** Incremental Build of configuration Default for project Parallel-Ants ****
xmake CONFIG=Default all 
Checking build modules
No build modules used.
Analyzing Parallel-Ants.xc
Creating dependencies for Parallel-Ants.xc
Compiling Parallel-Ants.xc
Creating Parallel-Ants.xe
Build Complete
15:43:21 **** Incremental Build of configuration Default for project Parallel-Ants ****
xmake CONFIG=Default all 
Checking build modules
No build modules used.
xmake[1]: `bin//Parallel-Ants.xe' is up to date.
Build Complete
15:43:23 **** Incremental Build of configuration Default for project Parallel-Ants ****
xmake CONFIG=Default all 
Checking build modules
No build modules used.
xmake[1]: `bin//Parallel-Ants.xe' is up to date.
Build Complete
15:44:55 **** Incremental Build of configuration Default for project Parallel-Ants ****
xmake CONFIG=Default all 
Checking build modules
No build modules used.
Analyzing Parallel-Ants.xc
Propagating analysis
Creating dependencies for Parallel-Ants.xc
Compiling Parallel-Ants.xc
Creating Parallel-Ants.xe
Build Complete
15:44:57 **** Incremental Build of configuration Default for project Parallel-Ants ****
xmake CONFIG=Default all 
Checking build modules
No build modules used.
xmake[1]: `bin//Parallel-Ants.xe' is up to date.
Build Complete
15:44:59 **** Incremental Build of configuration Default for project Parallel-Ants ****
xmake CONFIG=Default all 
Checking build modules
No build modules used.
xmake[1]: `bin//Parallel-Ants.xe' is up to date.
Build Complete
15:45:35 **** Incremental Build of configuration Default for project Parallel-Ants ****
xmake CONFIG=Default all 
Checking build modules
No build modules used.
Analyzing Parallel-Ants.xc
Creating dependencies for Parallel-Ants.xc
Compiling Parallel-Ants.xc
Creating Parallel-Ants.xe
Build Complete
15:45:39 **** Incremental Build of configuration Default for project Parallel-Ants ****
xmake CONFIG=Default all 
Checking build modules
No build modules used.
xmake[1]: `bin//Parallel-Ants.xe' is up to date.
Build Complete
15:47:08 **** Incremental Build of configuration Default for project Parallel-Ants ****
xmake CONFIG=Default all 
Checking build modules
No build modules used.
Analyzing Parallel-Ants.xc
Creating dependencies for Parallel-Ants.xc
Compiling Parallel-Ants.xc
Creating Parallel-Ants.xe
Build Complete
15:49:30 **** Incremental Build of configuration Default for project Parallel-Ants ****
xmake CONFIG=Default all 
Checking build modules
No build modules used.
Analyzing Parallel-Ants.xc
Creating dependencies for Parallel-Ants.xc
Compiling Parallel-Ants.xc
Creating Parallel-Ants.xe
Build Complete
15:50:59 **** Incremental Build of configuration Default for project Parallel-Ants ****
xmake CONFIG=Default all 
Checking build modules
No build modules used.
Analyzing Parallel-Ants.xc
Creating dependencies for Parallel-Ants.xc
Compiling Parallel-Ants.xc
Creating Parallel-Ants.xe
Build Complete
15:51:18 **** Incremental Build of configuration Default for project Parallel-Ants ****
xmake CONFIG=Default all 
Checking build modules
No build modules used.
xmake[1]: `bin//Parallel-Ants.xe' is up to date.
Build Complete
15:52:07 **** Incremental Build of configuration Default for project Parallel-Ants ****
xmake CONFIG=Default all 
Checking build modules
No build modules used.
Analyzing Parallel-Ants.xc
Creating dependencies for Parallel-Ants.xc
Compiling Parallel-Ants.xc
Creating Parallel-Ants.xe
Build Complete
15:52:12 **** Incremental Build of configuration Default for project Parallel-Ants ****
xmake CONFIG=Default all 
Checking build modules
No build modules used.
xmake[1]: `bin//Parallel-Ants.xe' is up to date.
Build Complete
15:53:18 **** Incremental Build of configuration Default for project Parallel-Ants ****
xmake CONFIG=Default all 
Checking build modules
No build modules used.
Analyzing Parallel-Ants.xc
Propagating analysis
Creating dependencies for Parallel-Ants.xc
Compiling Parallel-Ants.xc
Creating Parallel-Ants.xe
Build Complete
15:54:05 **** Incremental Build of configuration Default for project Parallel-Ants ****
xmake CONFIG=Default all 
Checking build modules
No build modules used.
Analyzing Parallel-Ants.xc
Propagating analysis
Creating dependencies for Parallel-Ants.xc
Compiling Parallel-Ants.xc
Creating Parallel-Ants.xe
Build Complete
15:55:05 **** Incremental Build of configuration Default for project Parallel-Ants ****
xmake CONFIG=Default all 
Checking build modules
No build modules used.
Analyzing Parallel-Ants.xc
Creating dependencies for Parallel-Ants.xc
Compiling Parallel-Ants.xc
Creating Parallel-Ants.xe
Build Complete
15:55:08 **** Incremental Build of configuration Default for project Parallel-Ants ****
xmake CONFIG=Default all 
Checking build modules
No build modules used.
xmake[1]: `bin//Parallel-Ants.xe' is up to date.
Build Complete
15:56:32 **** Incremental Build of configuration Default for project Parallel-Ants ****
xmake CONFIG=Default all 
Checking build modules
No build modules used.
Analyzing Parallel-Ants.xc
Propagating analysis
Creating dependencies for Parallel-Ants.xc
Compiling Parallel-Ants.xc
Creating Parallel-Ants.xe
Build Complete
15:57:13 **** Incremental Build of configuration Default for project Parallel-Ants ****
xmake CONFIG=Default all 
Checking build modules
No build modules used.
Analyzing Parallel-Ants.xc
Propagating analysis
Creating dependencies for Parallel-Ants.xc
Compiling Parallel-Ants.xc
Creating Parallel-Ants.xe
Build Complete
15:57:17 **** Incremental Build of configuration Default for project Parallel-Ants ****
xmake CONFIG=Default all 
Checking build modules
No build modules used.
xmake[1]: `bin//Parallel-Ants.xe' is up to date.
Build Complete
15:58:31 **** Incremental Build of configuration Default for project Parallel-Ants ****
xmake CONFIG=Default all 
Checking build modules
No build modules used.
Analyzing Parallel-Ants.xc
Creating dependencies for Parallel-Ants.xc
Compiling Parallel-Ants.xc
Creating Parallel-Ants.xe
Build Complete
15:58:35 **** Incremental Build of configuration Default for project Parallel-Ants ****
xmake CONFIG=Default all 
Checking build modules
No build modules used.
xmake[1]: `bin//Parallel-Ants.xe' is up to date.
Build Complete
15:59:40 **** Incremental Build of configuration Default for project Parallel-Ants ****
xmake CONFIG=Default all 
Checking build modules
No build modules used.
Analyzing Parallel-Ants.xc
Creating dependencies for Parallel-Ants.xc
Compiling Parallel-Ants.xc
Creating Parallel-Ants.xe
Build Complete
15:59:43 **** Incremental Build of configuration Default for project Parallel-Ants ****
xmake CONFIG=Default all 
Checking build modules
No build modules used.
xmake[1]: `bin//Parallel-Ants.xe' is up to date.
Build Complete
16:01:18 **** Incremental Build of configuration Default for project Parallel-Ants ****
xmake CONFIG=Default all 
Checking build modules
No build modules used.
Analyzing Parallel-Ants.xc
Creating dependencies for Parallel-Ants.xc
Compiling Parallel-Ants.xc
Creating Parallel-Ants.xe
Build Complete
16:02:45 **** Incremental Build of configuration Default for project Parallel-Ants ****
xmake CONFIG=Default all 
Checking build modules
No build modules used.
Analyzing Parallel-Ants.xc
Creating dependencies for Parallel-Ants.xc
Compiling Parallel-Ants.xc
Creating Parallel-Ants.xe
Build Complete
16:06:05 **** Incremental Build of configuration Default for project Parallel-Ants ****
xmake CONFIG=Default all 
Checking build modules
No build modules used.
Analyzing Parallel-Ants.xc
Propagating analysis
Creating dependencies for Parallel-Ants.xc
Compiling Parallel-Ants.xc
Creating Parallel-Ants.xe
Build Complete
16:06:21 **** Incremental Build of configuration Default for project Parallel-Ants ****
xmake CONFIG=Default all 
Checking build modules
No build modules used.
Analyzing Parallel-Ants.xc
Creating dependencies for Parallel-Ants.xc
Compiling Parallel-Ants.xc
Creating Parallel-Ants.xe
Build Complete
16:08:11 **** Incremental Build of configuration Default for project Parallel-Ants ****
xmake CONFIG=Default all 
Checking build modules
No build modules used.
Analyzing Parallel-Ants.xc
Propagating analysis
Creating dependencies for Parallel-Ants.xc
Compiling Parallel-Ants.xc
Creating Parallel-Ants.xe
Build Complete
16:10:59 **** Incremental Build of configuration Default for project Parallel-Ants ****
xmake CONFIG=Default all 
Checking build modules
No build modules used.
Analyzing Parallel-Ants.xc
Propagating analysis
Creating dependencies for Parallel-Ants.xc
Compiling Parallel-Ants.xc
Creating Parallel-Ants.xe
Build Complete
16:11:37 **** Incremental Build of configuration Default for project Parallel-Ants ****
xmake CONFIG=Default all 
Checking build modules
No build modules used.
Analyzing Parallel-Ants.xc
Propagating analysis
Creating dependencies for Parallel-Ants.xc
Compiling Parallel-Ants.xc
Creating Parallel-Ants.xe
Build Complete
16:11:39 **** Incremental Build of configuration Default for project Parallel-Ants ****
xmake CONFIG=Default all 
Checking build modules
No build modules used.
xmake[1]: `bin//Parallel-Ants.xe' is up to date.
Build Complete
16:11:47 **** Incremental Build of configuration Default for project Parallel-Ants ****
xmake CONFIG=Default all 
Checking build modules
No build modules used.
xmake[1]: `bin//Parallel-Ants.xe' is up to date.
Build Complete
16:11:49 **** Incremental Build of configuration Default for project Parallel-Ants ****
xmake CONFIG=Default all 
Checking build modules
No build modules used.
xmake[1]: `bin//Parallel-Ants.xe' is up to date.
Build Complete
16:11:56 **** Incremental Build of configuration Default for project Parallel-Ants ****
xmake CONFIG=Default all 
Checking build modules
No build modules used.
xmake[1]: `bin//Parallel-Ants.xe' is up to date.
Build Complete
